Using pre-set license
Built from '2020.3/staging' branch; Version is '2020.3.21f1 (a38c86f6690f) revision 10718342'; Using compiler version '192528614'; Build Type 'Release'
OS: 'Windows 10 Home; OS build 19043.1348; Version 2009; 64bit' Language: 'en' Physical Memory: 16245 MB
BatchMode: 1, IsHumanControllingUs: 0, StartBugReporterOnCrash: 0, Is64bit: 1, IsPro: 0

COMMAND LINE ARGUMENTS:
C:\Program Files\Unity\Hub\Editor\2020.3.21f1\Editor\Unity.exe
-adb2
-batchMode
-noUpm
-name
AssetImportWorker0
-projectPath
Z:/_GithubProjects/Bosko_GOAP
-logFile
Logs/AssetImportWorker0.log
-srvPort
59049
Successfully changed project path to: Z:/_GithubProjects/Bosko_GOAP
Z:/_GithubProjects/Bosko_GOAP
Using Asset Import Pipeline V2.
Refreshing native plugins compatible for Editor in 34.21 ms, found 2 plugins.
Preloading 0 native plugins for Editor in 0.00 ms.
Initialize engine version: 2020.3.21f1 (a38c86f6690f)
[Subsystems] Discovering subsystems at path C:/Program Files/Unity/Hub/Editor/2020.3.21f1/Editor/Data/Resources/UnitySubsystems
[Subsystems] Discovering subsystems at path Z:/_GithubProjects/Bosko_GOAP/Assets
GfxDevice: creating device client; threaded=0
Direct3D:
    Version:  Direct3D 11.0 [level 11.1]
    Renderer: NVIDIA GeForce RTX 2070 (ID=0x1f02)
    Vendor:   
    VRAM:     8031 MB
    Driver:   30.0.14.9613
Initialize mono
Mono path[0] = 'C:/Program Files/Unity/Hub/Editor/2020.3.21f1/Editor/Data/Managed'
Mono path[1] = 'C:/Program Files/Unity/Hub/Editor/2020.3.21f1/Editor/Data/MonoBleedingEdge/lib/mono/unityjit'
Mono config path = 'C:/Program Files/Unity/Hub/Editor/2020.3.21f1/Editor/Data/MonoBleedingEdge/etc'
Using monoOptions --debugger-agent=transport=dt_socket,embedding=1,server=y,suspend=n,address=127.0.0.1:56100
Begin MonoManager ReloadAssembly
Registering precompiled unity dll's ...
Register platform support module: C:/Program Files/Unity/Hub/Editor/2020.3.21f1/Editor/Data/PlaybackEngines/WindowsStandaloneSupport/UnityEditor.WindowsStandalone.Extensions.dll
Registered in 0.001664 seconds.
Native extension for WindowsStandalone target not found
Refreshing native plugins compatible for Editor in 34.72 ms, found 2 plugins.
Preloading 0 native plugins for Editor in 0.00 ms.
Mono: successfully reloaded assembly
- Completed reload, in  0.948 seconds
Domain Reload Profiling:
	ReloadAssembly (948ms)
		BeginReloadAssembly (52ms)
			ExecutionOrderSort (0ms)
			DisableScriptedObjects (0ms)
			BackupInstance (0ms)
			ReleaseScriptingObjects (0ms)
			CreateAndSetChildDomain (1ms)
		EndReloadAssembly (388ms)
			LoadAssemblies (50ms)
			RebuildTransferFunctionScriptingTraits (0ms)
			SetupTypeCache (130ms)
			ReleaseScriptCaches (0ms)
			RebuildScriptCaches (27ms)
			SetupLoadedEditorAssemblies (146ms)
				LogAssemblyErrors (0ms)
				InitializePlatformSupportModulesInManaged (3ms)
				SetLoadedEditorAssemblies (0ms)
				RefreshPlugins (35ms)
				BeforeProcessingInitializeOnLoad (13ms)
				ProcessInitializeOnLoadAttributes (71ms)
				ProcessInitializeOnLoadMethodAttributes (23ms)
				AfterProcessingInitializeOnLoad (0ms)
				EditorAssembliesLoaded (0ms)
			ExecutionOrderSort2 (0ms)
			AwakeInstancesAfterBackupRestoration (0ms)
Platform modules already initialized, skipping
Registering precompiled user dll's ...
Registered in 0.002628 seconds.
Begin MonoManager ReloadAssembly
Native extension for WindowsStandalone target not found
Refreshing native plugins compatible for Editor in 0.33 ms, found 2 plugins.
Preloading 0 native plugins for Editor in 0.00 ms.
Mono: successfully reloaded assembly
- Completed reload, in  0.864 seconds
Domain Reload Profiling:
	ReloadAssembly (865ms)
		BeginReloadAssembly (127ms)
			ExecutionOrderSort (0ms)
			DisableScriptedObjects (4ms)
			BackupInstance (0ms)
			ReleaseScriptingObjects (0ms)
			CreateAndSetChildDomain (15ms)
		EndReloadAssembly (685ms)
			LoadAssemblies (76ms)
			RebuildTransferFunctionScriptingTraits (0ms)
			SetupTypeCache (237ms)
			ReleaseScriptCaches (0ms)
			RebuildScriptCaches (36ms)
			SetupLoadedEditorAssemblies (262ms)
				LogAssemblyErrors (0ms)
				InitializePlatformSupportModulesInManaged (4ms)
				SetLoadedEditorAssemblies (0ms)
				RefreshPlugins (0ms)
				BeforeProcessingInitializeOnLoad (69ms)
				ProcessInitializeOnLoadAttributes (174ms)
				ProcessInitializeOnLoadMethodAttributes (7ms)
				AfterProcessingInitializeOnLoad (6ms)
				EditorAssembliesLoaded (0ms)
			ExecutionOrderSort2 (0ms)
			AwakeInstancesAfterBackupRestoration (5ms)
Platform modules already initialized, skipping
========================================================================
Worker process is ready to serve import requests
Launched and connected shader compiler UnityShaderCompiler.exe after 0.06 seconds
Refreshing native plugins compatible for Editor in 0.34 ms, found 2 plugins.
Preloading 0 native plugins for Editor in 0.00 ms.
Unloading 1506 Unused Serialized files (Serialized files now loaded: 0)
System memory in use before: 69.1 MB.
System memory in use after: 69.1 MB.

Unloading 19 unused Assets to reduce memory usage. Loaded Objects now: 1942.
Total: 2.693700 ms (FindLiveObjects: 0.194600 ms CreateObjectMapping: 0.034600 ms MarkObjects: 2.411900 ms  DeleteObjects: 0.051300 ms)

AssetImportParameters requested are different than current active one (requested -> active):
  custom:framework-win-MediaFoundation: 216162199b28c13a410421893ffa2e32 -> 
  custom:video-decoder-ogg-theora: a1e56fd34408186e4bbccfd4996cb3dc -> 
  custom:container-muxer-webm: aa71ff27fc2769a1b78a27578f13a17b -> 
  custom:container-demuxer-webm: 4f35f7cbe854078d1ac9338744f61a02 -> 
  custom:container-demuxer-ogg: 62fdf1f143b41e24485cea50d1cbac27 -> 
  custom:video-encoder-webm-vp8: eb34c28f22e8b96e1ab97ce403110664 -> 
  custom:video-decoder-webm-vp8: 9c59270c3fd7afecdb556c50c9e8de78 -> 
  custom:audio-decoder-ogg-vorbis: bf7c407c2cedff20999df2af8eb42d56 -> 
  custom:audio-encoder-webm-vorbis: bf7c407c2cedff20999df2af8eb42d56 -> 
========================================================================
Received Import Request.
  path: Assets/PolygonKnights/Prefabs
  artifactKey: Guid(ee1eaa5553cfa3c4dbe38d77d51d6a39) Importer(815301076,1909f56bfc062723c751e8b465ee728b)
Start importing Assets/PolygonKnights/Prefabs using Guid(ee1eaa5553cfa3c4dbe38d77d51d6a39) Importer(815301076,1909f56bfc062723c751e8b465ee728b)  -> (artifact id: '90ac6ed941dcfd9ca90d27280e62f3ef') in 0.007556 seconds 
  Import took 0.009539 seconds .

========================================================================
Received Import Request.
  Time since last request: 0.000187 seconds.
  path: Assets/PolygonKnights/Models
  artifactKey: Guid(c0a1d00775eb2b14298d31ed64e26e1d) Importer(815301076,1909f56bfc062723c751e8b465ee728b)
Start importing Assets/PolygonKnights/Models using Guid(c0a1d00775eb2b14298d31ed64e26e1d) Importer(815301076,1909f56bfc062723c751e8b465ee728b)  -> (artifact id: 'f514e5908ebf2fea77e88fb4cece86f8') in 0.006537 seconds 
  Import took 0.008372 seconds .

========================================================================
Received Import Request.
  Time since last request: 0.000200 seconds.
  path: Assets/PolygonKnights/Prefabs/Environments
  artifactKey: Guid(2599ee84b95ec69408e854cb2a13910a) Importer(815301076,1909f56bfc062723c751e8b465ee728b)
Start importing Assets/PolygonKnights/Prefabs/Environments using Guid(2599ee84b95ec69408e854cb2a13910a) Importer(815301076,1909f56bfc062723c751e8b465ee728b)  -> (artifact id: '5c3962beb619243e4f41c5e32a39b974') in 0.005960 seconds 
  Import took 0.008043 seconds .

========================================================================
Received Import Request.
  Time since last request: 3.311568 seconds.
  path: Assets/PolygonKnights/Prefabs/Environments/SM_Env_Tile_Grass_01.prefab
  artifactKey: Guid(bc6b7d6f0fb98544a873a3d69729fe66) Importer(815301076,1909f56bfc062723c751e8b465ee728b)
Start importing Assets/PolygonKnights/Prefabs/Environments/SM_Env_Tile_Grass_01.prefab using Guid(bc6b7d6f0fb98544a873a3d69729fe66) Importer(815301076,1909f56bfc062723c751e8b465ee728b)  -> (artifact id: 'c62b4c3a733fa5428830f2a9a2098de2') in 0.096796 seconds 
  Import took 0.098974 seconds .

========================================================================
Received Import Request.
  Time since last request: 1.634276 seconds.
  path: Assets/PolygonKnights/Prefabs/Environments/SM_Env_Path_Cobble_Stone_01.prefab
  artifactKey: Guid(d9ca6272e5ae5c04db745d7397ddedb2) Importer(815301076,1909f56bfc062723c751e8b465ee728b)
Start importing Assets/PolygonKnights/Prefabs/Environments/SM_Env_Path_Cobble_Stone_01.prefab using Guid(d9ca6272e5ae5c04db745d7397ddedb2) Importer(815301076,1909f56bfc062723c751e8b465ee728b)  -> (artifact id: '38c6b399ecdaaf135a99e2b6a60dd8ba') in 0.010984 seconds 
  Import took 0.013146 seconds .

========================================================================
Received Import Request.
  Time since last request: 0.661210 seconds.
  path: Assets/PolygonKnights/Prefabs/Environments/SM_Env_Path_Cobble_01.prefab
  artifactKey: Guid(cd63e7ed2d501564ebcb6cd6729e699e) Importer(815301076,1909f56bfc062723c751e8b465ee728b)
Start importing Assets/PolygonKnights/Prefabs/Environments/SM_Env_Path_Cobble_01.prefab using Guid(cd63e7ed2d501564ebcb6cd6729e699e) Importer(815301076,1909f56bfc062723c751e8b465ee728b)  -> (artifact id: '026d1d7bcb68cbf631bdcf240997315b') in 0.012141 seconds 
  Import took 0.014348 seconds .

========================================================================
Received Import Request.
  Time since last request: 2.099012 seconds.
  path: Assets/PolygonKnights/Prefabs/Environments/SM_Env_Path_Cobble_02.prefab
  artifactKey: Guid(f19c957688bdf7849aa321d60569a6b2) Importer(815301076,1909f56bfc062723c751e8b465ee728b)
Start importing Assets/PolygonKnights/Prefabs/Environments/SM_Env_Path_Cobble_02.prefab using Guid(f19c957688bdf7849aa321d60569a6b2) Importer(815301076,1909f56bfc062723c751e8b465ee728b)  -> (artifact id: 'cad0ea73c09db67671216fca6d13b2b9') in 0.010462 seconds 
  Import took 0.012811 seconds .

========================================================================
Received Import Request.
  Time since last request: 4.738682 seconds.
  path: Assets/PolygonKnights/Prefabs/Environments/SM_Env_MountainSnow_01.prefab
  artifactKey: Guid(ce0336c838ea8bb47af6deede8f87396) Importer(815301076,1909f56bfc062723c751e8b465ee728b)
Start importing Assets/PolygonKnights/Prefabs/Environments/SM_Env_MountainSnow_01.prefab using Guid(ce0336c838ea8bb47af6deede8f87396) Importer(815301076,1909f56bfc062723c751e8b465ee728b)  -> (artifact id: 'f4da76f0631350a730393a08bcefca75') in 0.011931 seconds 
  Import took 0.014577 seconds .

========================================================================
Received Import Request.
  Time since last request: 0.553064 seconds.
  path: Assets/PolygonKnights/Prefabs/Environments/SM_Env_GroundMound_02.prefab
  artifactKey: Guid(38e9f74e7ad2817489313b84c0695d34) Importer(815301076,1909f56bfc062723c751e8b465ee728b)
Start importing Assets/PolygonKnights/Prefabs/Environments/SM_Env_GroundMound_02.prefab using Guid(38e9f74e7ad2817489313b84c0695d34) Importer(815301076,1909f56bfc062723c751e8b465ee728b)  -> (artifact id: '67d9cd6e65f0c97307d675f958142613') in 0.011088 seconds 
  Import took 0.013675 seconds .

========================================================================
Received Import Request.
  Time since last request: 0.313125 seconds.
  path: Assets/PolygonKnights/Prefabs/Environments/SM_Env_GroundMound_01.prefab
  artifactKey: Guid(f0d166010146cdc4eb7c784d54eda812) Importer(815301076,1909f56bfc062723c751e8b465ee728b)
Start importing Assets/PolygonKnights/Prefabs/Environments/SM_Env_GroundMound_01.prefab using Guid(f0d166010146cdc4eb7c784d54eda812) Importer(815301076,1909f56bfc062723c751e8b465ee728b)  -> (artifact id: 'a878bdc47025fdd6c68e777439351192') in 0.009696 seconds 
  Import took 0.011873 seconds .

========================================================================
Received Import Request.
  Time since last request: 1.659817 seconds.
  path: Assets/PolygonKnights/Prefabs/Environments/SM_Env_Cloud_06.prefab
  artifactKey: Guid(446f7ff8ef8707242a32cac44fec75f6) Importer(815301076,1909f56bfc062723c751e8b465ee728b)
Start importing Assets/PolygonKnights/Prefabs/Environments/SM_Env_Cloud_06.prefab using Guid(446f7ff8ef8707242a32cac44fec75f6) Importer(815301076,1909f56bfc062723c751e8b465ee728b)  -> (artifact id: '4f49ecae1c57724bb7b291e24a420094') in 0.010849 seconds 
  Import took 0.012984 seconds .

========================================================================
Received Import Request.
  Time since last request: 0.422596 seconds.
  path: Assets/PolygonKnights/Prefabs/Environments/SM_Env_Grass_01.prefab
  artifactKey: Guid(f21c48374d4fdc4489f7894214718503) Importer(815301076,1909f56bfc062723c751e8b465ee728b)
Start importing Assets/PolygonKnights/Prefabs/Environments/SM_Env_Grass_01.prefab using Guid(f21c48374d4fdc4489f7894214718503) Importer(815301076,1909f56bfc062723c751e8b465ee728b)  -> (artifact id: '875a7d452dedc9724c698fbc5665fe1d') in 0.012120 seconds 
  Import took 0.014333 seconds .

========================================================================
Received Import Request.
  Time since last request: 1.431144 seconds.
  path: Assets/PolygonKnights/Prefabs/Environments/SM_Env_MountainGrass_01.prefab
  artifactKey: Guid(527fa9e5a993752478e3f10c46b015ff) Importer(815301076,1909f56bfc062723c751e8b465ee728b)
Start importing Assets/PolygonKnights/Prefabs/Environments/SM_Env_MountainGrass_01.prefab using Guid(527fa9e5a993752478e3f10c46b015ff) Importer(815301076,1909f56bfc062723c751e8b465ee728b)  -> (artifact id: 'f24f238583d4c2562d99121e515638eb') in 0.010578 seconds 
  Import took 0.012725 seconds .

========================================================================
Received Import Request.
  Time since last request: 1.127343 seconds.
  path: Assets/PolygonKnights/Prefabs/Environments/SM_Env_Flower_01.prefab
  artifactKey: Guid(122f65ce20a93d54d9dcba16303e0785) Importer(815301076,1909f56bfc062723c751e8b465ee728b)
Start importing Assets/PolygonKnights/Prefabs/Environments/SM_Env_Flower_01.prefab using Guid(122f65ce20a93d54d9dcba16303e0785) Importer(815301076,1909f56bfc062723c751e8b465ee728b)  -> (artifact id: '38114b353f3c3f8eabc3a46f930744ab') in 0.011701 seconds 
  Import took 0.014156 seconds .

========================================================================
Received Import Request.
  Time since last request: 3.202949 seconds.
  path: Assets/PolygonKnights/Prefabs/Environments/SM_Env_Canal_Block_01.prefab
  artifactKey: Guid(eab6386de63d51d408e876937feb97c8) Importer(815301076,1909f56bfc062723c751e8b465ee728b)
Start importing Assets/PolygonKnights/Prefabs/Environments/SM_Env_Canal_Block_01.prefab using Guid(eab6386de63d51d408e876937feb97c8) Importer(815301076,1909f56bfc062723c751e8b465ee728b)  -> (artifact id: 'a4f341ec446902f5974b3d7281b21b18') in 0.012800 seconds 
  Import took 0.015156 seconds .

========================================================================
Received Import Request.
  Time since last request: 0.222096 seconds.
  path: Assets/PolygonKnights/Prefabs/Environments/SM_Env_Canal_03.prefab
  artifactKey: Guid(d9767e8a6cbda7941a4783dfd7c978ec) Importer(815301076,1909f56bfc062723c751e8b465ee728b)
Start importing Assets/PolygonKnights/Prefabs/Environments/SM_Env_Canal_03.prefab using Guid(d9767e8a6cbda7941a4783dfd7c978ec) Importer(815301076,1909f56bfc062723c751e8b465ee728b)  -> (artifact id: 'f092d6db9a86b50dd7558b671eb9b9d5') in 0.010036 seconds 
  Import took 0.012235 seconds .

========================================================================
Received Import Request.
  Time since last request: 0.314151 seconds.
  path: Assets/PolygonKnights/Prefabs/Environments/SM_Env_Canal_02.prefab
  artifactKey: Guid(d150e6d2d6589744e86c10c51120cbd5) Importer(815301076,1909f56bfc062723c751e8b465ee728b)
Start importing Assets/PolygonKnights/Prefabs/Environments/SM_Env_Canal_02.prefab using Guid(d150e6d2d6589744e86c10c51120cbd5) Importer(815301076,1909f56bfc062723c751e8b465ee728b)  -> (artifact id: '925faae191dffede8e6710b83367a6f4') in 0.010569 seconds 
  Import took 0.012905 seconds .

========================================================================
Received Import Request.
  Time since last request: 0.231449 seconds.
  path: Assets/PolygonKnights/Prefabs/Environments/SM_Env_Canal_01.prefab
  artifactKey: Guid(9d80acb668cc21a409fb96a9ecebdce9) Importer(815301076,1909f56bfc062723c751e8b465ee728b)
Start importing Assets/PolygonKnights/Prefabs/Environments/SM_Env_Canal_01.prefab using Guid(9d80acb668cc21a409fb96a9ecebdce9) Importer(815301076,1909f56bfc062723c751e8b465ee728b)  -> (artifact id: 'fd56a2e76ca48a11c3d5b23ac0d09ddf') in 0.009793 seconds 
  Import took 0.012003 seconds .

========================================================================
Received Import Request.
  Time since last request: 4.580100 seconds.
  path: Assets/PolygonKnights/Prefabs/Environments/SM_Env_Path_Stone_02.prefab
  artifactKey: Guid(079fa19ccd7a3484f933ea909821713f) Importer(815301076,1909f56bfc062723c751e8b465ee728b)
Start importing Assets/PolygonKnights/Prefabs/Environments/SM_Env_Path_Stone_02.prefab using Guid(079fa19ccd7a3484f933ea909821713f) Importer(815301076,1909f56bfc062723c751e8b465ee728b)  -> (artifact id: 'fdc41fefd48b6e5616d6d71607b726a6') in 0.010638 seconds 
  Import took 0.012883 seconds .

========================================================================
Received Import Request.
  Time since last request: 0.455590 seconds.
  path: Assets/PolygonKnights/Prefabs/Environments/SM_Env_Path_Dirt_06.prefab
  artifactKey: Guid(9f84f38f7b779a54fb770311cc732a2f) Importer(815301076,1909f56bfc062723c751e8b465ee728b)
Start importing Assets/PolygonKnights/Prefabs/Environments/SM_Env_Path_Dirt_06.prefab using Guid(9f84f38f7b779a54fb770311cc732a2f) Importer(815301076,1909f56bfc062723c751e8b465ee728b)  -> (artifact id: '33e9ef2e18ccc4d27ae253347f427964') in 0.009930 seconds 
  Import took 0.012204 seconds .

========================================================================
Received Import Request.
  Time since last request: 94.429227 seconds.
  path: Assets/PolygonKnights
  artifactKey: Guid(b0c727fee27a32442a4f89be93cfbc87) Importer(815301076,1909f56bfc062723c751e8b465ee728b)
Start importing Assets/PolygonKnights using Guid(b0c727fee27a32442a4f89be93cfbc87) Importer(815301076,1909f56bfc062723c751e8b465ee728b)  -> (artifact id: '6fac1dbfb8b65b5f2a6e38d479be5df4') in 0.005748 seconds 
  Import took 0.008186 seconds .

========================================================================
Received Prepare
Registering precompiled user dll's ...
Registered in 0.002524 seconds.
Begin MonoManager ReloadAssembly
Native extension for WindowsStandalone target not found
Refreshing native plugins compatible for Editor in 0.35 ms, found 2 plugins.
Preloading 0 native plugins for Editor in 0.00 ms.
Mono: successfully reloaded assembly
- Completed reload, in  0.812 seconds
Domain Reload Profiling:
	ReloadAssembly (812ms)
		BeginReloadAssembly (110ms)
			ExecutionOrderSort (0ms)
			DisableScriptedObjects (3ms)
			BackupInstance (0ms)
			ReleaseScriptingObjects (0ms)
			CreateAndSetChildDomain (36ms)
		EndReloadAssembly (650ms)
			LoadAssemblies (75ms)
			RebuildTransferFunctionScriptingTraits (0ms)
			SetupTypeCache (227ms)
			ReleaseScriptCaches (1ms)
			RebuildScriptCaches (31ms)
			SetupLoadedEditorAssemblies (235ms)
				LogAssemblyErrors (0ms)
				InitializePlatformSupportModulesInManaged (4ms)
				SetLoadedEditorAssemblies (0ms)
				RefreshPlugins (0ms)
				BeforeProcessingInitializeOnLoad (57ms)
				ProcessInitializeOnLoadAttributes (159ms)
				ProcessInitializeOnLoadMethodAttributes (7ms)
				AfterProcessingInitializeOnLoad (6ms)
				EditorAssembliesLoaded (0ms)
			ExecutionOrderSort2 (0ms)
			AwakeInstancesAfterBackupRestoration (6ms)
Platform modules already initialized, skipping
Refreshing native plugins compatible for Editor in 0.35 ms, found 2 plugins.
Preloading 0 native plugins for Editor in 0.00 ms.
Unloading 1512 Unused Serialized files (Serialized files now loaded: 0)
System memory in use before: 72.6 MB.
System memory in use after: 72.7 MB.

Unloading 15 unused Assets to reduce memory usage. Loaded Objects now: 1962.
Total: 2.803700 ms (FindLiveObjects: 0.134300 ms CreateObjectMapping: 0.040800 ms MarkObjects: 2.591600 ms  DeleteObjects: 0.036100 ms)

AssetImportParameters requested are different than current active one (requested -> active):
  custom:framework-win-MediaFoundation: 216162199b28c13a410421893ffa2e32 -> 
  custom:video-decoder-ogg-theora: a1e56fd34408186e4bbccfd4996cb3dc -> 
  custom:container-muxer-webm: aa71ff27fc2769a1b78a27578f13a17b -> 
  custom:container-demuxer-webm: 4f35f7cbe854078d1ac9338744f61a02 -> 
  custom:container-demuxer-ogg: 62fdf1f143b41e24485cea50d1cbac27 -> 
  custom:video-encoder-webm-vp8: eb34c28f22e8b96e1ab97ce403110664 -> 
  custom:video-decoder-webm-vp8: 9c59270c3fd7afecdb556c50c9e8de78 -> 
  custom:audio-decoder-ogg-vorbis: bf7c407c2cedff20999df2af8eb42d56 -> 
  custom:audio-encoder-webm-vorbis: bf7c407c2cedff20999df2af8eb42d56 -> 
========================================================================
Received Import Request.
  Time since last request: 81.242950 seconds.
  path: Assets/BoskoAssets/ThirdPersonAndLockon
  artifactKey: Guid(f8ea96e440ea4de4b9e88456f1c73ec2) Importer(815301076,1909f56bfc062723c751e8b465ee728b)
Start importing Assets/BoskoAssets/ThirdPersonAndLockon using Guid(f8ea96e440ea4de4b9e88456f1c73ec2) Importer(815301076,1909f56bfc062723c751e8b465ee728b)  -> (artifact id: 'f320edddd1276ad4c187adba7cf93578') in 0.006678 seconds 
  Import took 0.009093 seconds .

========================================================================
Received Prepare
Registering precompiled user dll's ...
Registered in 0.002463 seconds.
Begin MonoManager ReloadAssembly
Native extension for WindowsStandalone target not found
Refreshing native plugins compatible for Editor in 0.34 ms, found 2 plugins.
Preloading 0 native plugins for Editor in 0.00 ms.
Mono: successfully reloaded assembly
- Completed reload, in  0.830 seconds
Domain Reload Profiling:
	ReloadAssembly (830ms)
		BeginReloadAssembly (103ms)
			ExecutionOrderSort (0ms)
			DisableScriptedObjects (4ms)
			BackupInstance (0ms)
			ReleaseScriptingObjects (0ms)
			CreateAndSetChildDomain (26ms)
		EndReloadAssembly (675ms)
			LoadAssemblies (73ms)
			RebuildTransferFunctionScriptingTraits (0ms)
			SetupTypeCache (258ms)
			ReleaseScriptCaches (1ms)
			RebuildScriptCaches (32ms)
			SetupLoadedEditorAssemblies (239ms)
				LogAssemblyErrors (0ms)
				InitializePlatformSupportModulesInManaged (4ms)
				SetLoadedEditorAssemblies (0ms)
				RefreshPlugins (0ms)
				BeforeProcessingInitializeOnLoad (60ms)
				ProcessInitializeOnLoadAttributes (162ms)
				ProcessInitializeOnLoadMethodAttributes (7ms)
				AfterProcessingInitializeOnLoad (6ms)
				EditorAssembliesLoaded (0ms)
			ExecutionOrderSort2 (0ms)
			AwakeInstancesAfterBackupRestoration (6ms)
Platform modules already initialized, skipping
Refreshing native plugins compatible for Editor in 0.35 ms, found 2 plugins.
Preloading 0 native plugins for Editor in 0.00 ms.
Unloading 1512 Unused Serialized files (Serialized files now loaded: 0)
System memory in use before: 72.7 MB.
System memory in use after: 72.7 MB.

Unloading 15 unused Assets to reduce memory usage. Loaded Objects now: 1964.
Total: 2.442900 ms (FindLiveObjects: 0.116000 ms CreateObjectMapping: 0.042800 ms MarkObjects: 2.247700 ms  DeleteObjects: 0.035700 ms)

AssetImportParameters requested are different than current active one (requested -> active):
  custom:framework-win-MediaFoundation: 216162199b28c13a410421893ffa2e32 -> 
  custom:video-decoder-ogg-theora: a1e56fd34408186e4bbccfd4996cb3dc -> 
  custom:container-muxer-webm: aa71ff27fc2769a1b78a27578f13a17b -> 
  custom:container-demuxer-webm: 4f35f7cbe854078d1ac9338744f61a02 -> 
  custom:container-demuxer-ogg: 62fdf1f143b41e24485cea50d1cbac27 -> 
  custom:video-encoder-webm-vp8: eb34c28f22e8b96e1ab97ce403110664 -> 
  custom:video-decoder-webm-vp8: 9c59270c3fd7afecdb556c50c9e8de78 -> 
  custom:audio-decoder-ogg-vorbis: bf7c407c2cedff20999df2af8eb42d56 -> 
  custom:audio-encoder-webm-vorbis: bf7c407c2cedff20999df2af8eb42d56 -> 
========================================================================
Received Import Request.
  Time since last request: 15.589186 seconds.
  path: Assets/Player/TagManager.preset
  artifactKey: Guid(f5ef37fc5c8b1ff49bdad4505d8df62a) Importer(815301076,1909f56bfc062723c751e8b465ee728b)
Start importing Assets/Player/TagManager.preset using Guid(f5ef37fc5c8b1ff49bdad4505d8df62a) Importer(815301076,1909f56bfc062723c751e8b465ee728b)  -> (artifact id: '56f601709abd114b041120090851c748') in 0.014102 seconds 
  Import took 0.016310 seconds .

========================================================================
Received Import Request.
  Time since last request: 3.128266 seconds.
  path: Assets/Player/ThirdPersonAndLockon/Model
  artifactKey: Guid(2e31ff6c95f43a442bec90374624e929) Importer(815301076,1909f56bfc062723c751e8b465ee728b)
Start importing Assets/Player/ThirdPersonAndLockon/Model using Guid(2e31ff6c95f43a442bec90374624e929) Importer(815301076,1909f56bfc062723c751e8b465ee728b)  -> (artifact id: '24f7d3e8de0ef2d3bd7cf07b3c12e130') in 0.004593 seconds 
  Import took 0.006675 seconds .

========================================================================
Received Import Request.
  Time since last request: 0.372370 seconds.
  path: Assets/Player/ThirdPersonAndLockon/Character.prefab
  artifactKey: Guid(298e198e3f8123e448cf7546fb6ac496) Importer(815301076,1909f56bfc062723c751e8b465ee728b)
Start importing Assets/Player/ThirdPersonAndLockon/Character.prefab using Guid(298e198e3f8123e448cf7546fb6ac496) Importer(815301076,1909f56bfc062723c751e8b465ee728b)  -> (artifact id: '9dede10fa1a1e63c0a51cab341bcb7d3') in 0.338433 seconds 
  Import took 0.342411 seconds .

========================================================================
Received Prepare
Registering precompiled user dll's ...
Registered in 0.002794 seconds.
Begin MonoManager ReloadAssembly
Native extension for WindowsStandalone target not found
Refreshing native plugins compatible for Editor in 0.63 ms, found 2 plugins.
Preloading 0 native plugins for Editor in 0.00 ms.
Mono: successfully reloaded assembly
- Completed reload, in  0.818 seconds
Domain Reload Profiling:
	ReloadAssembly (818ms)
		BeginReloadAssembly (94ms)
			ExecutionOrderSort (0ms)
			DisableScriptedObjects (4ms)
			BackupInstance (0ms)
			ReleaseScriptingObjects (0ms)
			CreateAndSetChildDomain (27ms)
		EndReloadAssembly (674ms)
			LoadAssemblies (72ms)
			RebuildTransferFunctionScriptingTraits (0ms)
			SetupTypeCache (246ms)
			ReleaseScriptCaches (1ms)
			RebuildScriptCaches (32ms)
			SetupLoadedEditorAssemblies (249ms)
				LogAssemblyErrors (0ms)
				InitializePlatformSupportModulesInManaged (4ms)
				SetLoadedEditorAssemblies (0ms)
				RefreshPlugins (1ms)
				BeforeProcessingInitializeOnLoad (69ms)
				ProcessInitializeOnLoadAttributes (161ms)
				ProcessInitializeOnLoadMethodAttributes (8ms)
				AfterProcessingInitializeOnLoad (6ms)
				EditorAssembliesLoaded (0ms)
			ExecutionOrderSort2 (0ms)
			AwakeInstancesAfterBackupRestoration (6ms)
Platform modules already initialized, skipping
Refreshing native plugins compatible for Editor in 0.38 ms, found 2 plugins.
Preloading 0 native plugins for Editor in 0.00 ms.
Unloading 1512 Unused Serialized files (Serialized files now loaded: 0)
System memory in use before: 86.3 MB.
System memory in use after: 86.4 MB.

Unloading 15 unused Assets to reduce memory usage. Loaded Objects now: 1968.
Total: 2.788600 ms (FindLiveObjects: 0.106500 ms CreateObjectMapping: 0.037100 ms MarkObjects: 2.607700 ms  DeleteObjects: 0.036500 ms)

AssetImportParameters requested are different than current active one (requested -> active):
  custom:framework-win-MediaFoundation: 216162199b28c13a410421893ffa2e32 -> 
  custom:video-decoder-ogg-theora: a1e56fd34408186e4bbccfd4996cb3dc -> 
  custom:container-muxer-webm: aa71ff27fc2769a1b78a27578f13a17b -> 
  custom:container-demuxer-webm: 4f35f7cbe854078d1ac9338744f61a02 -> 
  custom:container-demuxer-ogg: 62fdf1f143b41e24485cea50d1cbac27 -> 
  custom:video-encoder-webm-vp8: eb34c28f22e8b96e1ab97ce403110664 -> 
  custom:video-decoder-webm-vp8: 9c59270c3fd7afecdb556c50c9e8de78 -> 
  custom:audio-decoder-ogg-vorbis: bf7c407c2cedff20999df2af8eb42d56 -> 
  custom:audio-encoder-webm-vorbis: bf7c407c2cedff20999df2af8eb42d56 -> 
========================================================================
Received Import Request.
  Time since last request: 59.574184 seconds.
  path: Assets/Player/ThirdPersonAndLockon/_Scripts/States/InAir.cs
  artifactKey: Guid(b7a0459e55c39cb418401d24c1205d0e) Importer(815301076,1909f56bfc062723c751e8b465ee728b)
Start importing Assets/Player/ThirdPersonAndLockon/_Scripts/States/InAir.cs using Guid(b7a0459e55c39cb418401d24c1205d0e) Importer(815301076,1909f56bfc062723c751e8b465ee728b)  -> (artifact id: '57d0cb8f36900b9d765f67fb4171ef0e') in 0.011615 seconds 
  Import took 0.013847 seconds .

========================================================================
Received Import Request.
  Time since last request: 3.917952 seconds.
  path: Assets/Player/ThirdPersonAndLockon/_Scripts/States/Climbing.cs
  artifactKey: Guid(00c60af4915095246946c70b1341d21e) Importer(815301076,1909f56bfc062723c751e8b465ee728b)
Start importing Assets/Player/ThirdPersonAndLockon/_Scripts/States/Climbing.cs using Guid(00c60af4915095246946c70b1341d21e) Importer(815301076,1909f56bfc062723c751e8b465ee728b)  -> (artifact id: '4d28fe46f31fd39a7e8e4ed0c7acf2f3') in 0.005033 seconds 
  Import took 0.007449 seconds .

========================================================================
Received Prepare
Registering precompiled user dll's ...
Registered in 0.002539 seconds.
Begin MonoManager ReloadAssembly
Native extension for WindowsStandalone target not found
Refreshing native plugins compatible for Editor in 0.35 ms, found 2 plugins.
Preloading 0 native plugins for Editor in 0.00 ms.
Mono: successfully reloaded assembly
- Completed reload, in  0.813 seconds
Domain Reload Profiling:
	ReloadAssembly (814ms)
		BeginReloadAssembly (101ms)
			ExecutionOrderSort (0ms)
			DisableScriptedObjects (4ms)
			BackupInstance (0ms)
			ReleaseScriptingObjects (0ms)
			CreateAndSetChildDomain (29ms)
		EndReloadAssembly (662ms)
			LoadAssemblies (73ms)
			RebuildTransferFunctionScriptingTraits (0ms)
			SetupTypeCache (238ms)
			ReleaseScriptCaches (1ms)
			RebuildScriptCaches (33ms)
			SetupLoadedEditorAssemblies (242ms)
				LogAssemblyErrors (0ms)
				InitializePlatformSupportModulesInManaged (4ms)
				SetLoadedEditorAssemblies (0ms)
				RefreshPlugins (0ms)
				BeforeProcessingInitializeOnLoad (60ms)
				ProcessInitializeOnLoadAttributes (164ms)
				ProcessInitializeOnLoadMethodAttributes (7ms)
				AfterProcessingInitializeOnLoad (6ms)
				EditorAssembliesLoaded (0ms)
			ExecutionOrderSort2 (0ms)
			AwakeInstancesAfterBackupRestoration (6ms)
Platform modules already initialized, skipping
Refreshing native plugins compatible for Editor in 0.37 ms, found 2 plugins.
Preloading 0 native plugins for Editor in 0.00 ms.
Unloading 1511 Unused Serialized files (Serialized files now loaded: 0)
System memory in use before: 86.3 MB.
System memory in use after: 86.3 MB.

Unloading 16 unused Assets to reduce memory usage. Loaded Objects now: 1969.
Total: 2.722800 ms (FindLiveObjects: 0.110500 ms CreateObjectMapping: 0.038600 ms MarkObjects: 2.532000 ms  DeleteObjects: 0.040500 ms)

AssetImportParameters requested are different than current active one (requested -> active):
  custom:framework-win-MediaFoundation: 216162199b28c13a410421893ffa2e32 -> 
  custom:video-decoder-ogg-theora: a1e56fd34408186e4bbccfd4996cb3dc -> 
  custom:container-muxer-webm: aa71ff27fc2769a1b78a27578f13a17b -> 
  custom:container-demuxer-webm: 4f35f7cbe854078d1ac9338744f61a02 -> 
  custom:container-demuxer-ogg: 62fdf1f143b41e24485cea50d1cbac27 -> 
  custom:video-encoder-webm-vp8: eb34c28f22e8b96e1ab97ce403110664 -> 
  custom:video-decoder-webm-vp8: 9c59270c3fd7afecdb556c50c9e8de78 -> 
  custom:audio-decoder-ogg-vorbis: bf7c407c2cedff20999df2af8eb42d56 -> 
  custom:audio-encoder-webm-vorbis: bf7c407c2cedff20999df2af8eb42d56 -> 
========================================================================
Received Import Request.
  Time since last request: 5.638034 seconds.
  path: Assets/Player/ThirdPersonAndLockon/Animations/Jump
  artifactKey: Guid(21c313f48eeadf44289d8421c46d6de6) Importer(815301076,1909f56bfc062723c751e8b465ee728b)
Start importing Assets/Player/ThirdPersonAndLockon/Animations/Jump using Guid(21c313f48eeadf44289d8421c46d6de6) Importer(815301076,1909f56bfc062723c751e8b465ee728b)  -> (artifact id: '68324958953c9c09da325474c7fe40ff') in 0.008924 seconds 
  Import took 0.011097 seconds .

========================================================================
Received Import Request.
  Time since last request: 1.524519 seconds.
  path: Assets/Player/ThirdPersonAndLockon/Animations/Jump/DoubleJump.anim
  artifactKey: Guid(2d75f9403fffc90449f6d4d34bc93553) Importer(815301076,1909f56bfc062723c751e8b465ee728b)
Start importing Assets/Player/ThirdPersonAndLockon/Animations/Jump/DoubleJump.anim using Guid(2d75f9403fffc90449f6d4d34bc93553) Importer(815301076,1909f56bfc062723c751e8b465ee728b)  -> (artifact id: '5cc6ea93336828256eb50cb4b131ff06') in 0.030199 seconds 
  Import took 0.032597 seconds .

========================================================================
Received Import Request.
  Time since last request: 0.382022 seconds.
  path: Assets/Player/ThirdPersonAndLockon/Animations/Jump/DoubleJumpV2.anim
  artifactKey: Guid(c7cd3aeba10a2c54e9a5142a068d4fb4) Importer(815301076,1909f56bfc062723c751e8b465ee728b)
Start importing Assets/Player/ThirdPersonAndLockon/Animations/Jump/DoubleJumpV2.anim using Guid(c7cd3aeba10a2c54e9a5142a068d4fb4) Importer(815301076,1909f56bfc062723c751e8b465ee728b)  -> (artifact id: 'e5468411ce3da3b9ae2a9c68df51f5d6') in 0.022559 seconds 
  Import took 0.024963 seconds .

========================================================================
Received Import Request.
  Time since last request: 15.555940 seconds.
  path: Assets/Player/ThirdPersonAndLockon/Animations/Player.controller
  artifactKey: Guid(524da14de615d8545abf2758c404236b) Importer(815301076,1909f56bfc062723c751e8b465ee728b)
Start importing Assets/Player/ThirdPersonAndLockon/Animations/Player.controller using Guid(524da14de615d8545abf2758c404236b) Importer(815301076,1909f56bfc062723c751e8b465ee728b)  -> (artifact id: 'eafb65d9b829a6d3552e4017438978c2') in 0.262291 seconds 
  Import took 0.266183 seconds .

========================================================================
Received Prepare
Registering precompiled user dll's ...
Registered in 0.002574 seconds.
Begin MonoManager ReloadAssembly
Native extension for WindowsStandalone target not found
Refreshing native plugins compatible for Editor in 0.37 ms, found 2 plugins.
Preloading 0 native plugins for Editor in 0.00 ms.
Mono: successfully reloaded assembly
- Completed reload, in  0.787 seconds
Domain Reload Profiling:
	ReloadAssembly (787ms)
		BeginReloadAssembly (92ms)
			ExecutionOrderSort (0ms)
			DisableScriptedObjects (4ms)
			BackupInstance (0ms)
			ReleaseScriptingObjects (0ms)
			CreateAndSetChildDomain (26ms)
		EndReloadAssembly (644ms)
			LoadAssemblies (73ms)
			RebuildTransferFunctionScriptingTraits (0ms)
			SetupTypeCache (222ms)
			ReleaseScriptCaches (1ms)
			RebuildScriptCaches (31ms)
			SetupLoadedEditorAssemblies (244ms)
				LogAssemblyErrors (0ms)
				InitializePlatformSupportModulesInManaged (4ms)
				SetLoadedEditorAssemblies (0ms)
				RefreshPlugins (0ms)
				BeforeProcessingInitializeOnLoad (65ms)
				ProcessInitializeOnLoadAttributes (161ms)
				ProcessInitializeOnLoadMethodAttributes (7ms)
				AfterProcessingInitializeOnLoad (6ms)
				EditorAssembliesLoaded (0ms)
			ExecutionOrderSort2 (0ms)
			AwakeInstancesAfterBackupRestoration (6ms)
Platform modules already initialized, skipping
Refreshing native plugins compatible for Editor in 0.36 ms, found 2 plugins.
Preloading 0 native plugins for Editor in 0.00 ms.
Unloading 1511 Unused Serialized files (Serialized files now loaded: 0)
System memory in use before: 86.3 MB.
System memory in use after: 86.4 MB.

Unloading 15 unused Assets to reduce memory usage. Loaded Objects now: 1971.
Total: 2.429000 ms (FindLiveObjects: 0.115400 ms CreateObjectMapping: 0.037500 ms MarkObjects: 2.234400 ms  DeleteObjects: 0.040900 ms)

AssetImportParameters requested are different than current active one (requested -> active):
  custom:framework-win-MediaFoundation: 216162199b28c13a410421893ffa2e32 -> 
  custom:video-decoder-ogg-theora: a1e56fd34408186e4bbccfd4996cb3dc -> 
  custom:container-muxer-webm: aa71ff27fc2769a1b78a27578f13a17b -> 
  custom:container-demuxer-webm: 4f35f7cbe854078d1ac9338744f61a02 -> 
  custom:container-demuxer-ogg: 62fdf1f143b41e24485cea50d1cbac27 -> 
  custom:video-encoder-webm-vp8: eb34c28f22e8b96e1ab97ce403110664 -> 
  custom:video-decoder-webm-vp8: 9c59270c3fd7afecdb556c50c9e8de78 -> 
  custom:audio-decoder-ogg-vorbis: bf7c407c2cedff20999df2af8eb42d56 -> 
  custom:audio-encoder-webm-vorbis: bf7c407c2cedff20999df2af8eb42d56 -> 
========================================================================
Received Prepare
Registering precompiled user dll's ...
Registered in 0.002871 seconds.
Begin MonoManager ReloadAssembly
Native extension for WindowsStandalone target not found
Refreshing native plugins compatible for Editor in 0.38 ms, found 2 plugins.
Preloading 0 native plugins for Editor in 0.00 ms.
Mono: successfully reloaded assembly
- Completed reload, in  0.844 seconds
Domain Reload Profiling:
	ReloadAssembly (845ms)
		BeginReloadAssembly (102ms)
			ExecutionOrderSort (0ms)
			DisableScriptedObjects (4ms)
			BackupInstance (0ms)
			ReleaseScriptingObjects (0ms)
			CreateAndSetChildDomain (27ms)
		EndReloadAssembly (688ms)
			LoadAssemblies (77ms)
			RebuildTransferFunctionScriptingTraits (0ms)
			SetupTypeCache (259ms)
			ReleaseScriptCaches (1ms)
			RebuildScriptCaches (33ms)
			SetupLoadedEditorAssemblies (243ms)
				LogAssemblyErrors (0ms)
				InitializePlatformSupportModulesInManaged (4ms)
				SetLoadedEditorAssemblies (0ms)
				RefreshPlugins (0ms)
				BeforeProcessingInitializeOnLoad (60ms)
				ProcessInitializeOnLoadAttributes (165ms)
				ProcessInitializeOnLoadMethodAttributes (7ms)
				AfterProcessingInitializeOnLoad (6ms)
				EditorAssembliesLoaded (0ms)
			ExecutionOrderSort2 (0ms)
			AwakeInstancesAfterBackupRestoration (5ms)
Platform modules already initialized, skipping
Refreshing native plugins compatible for Editor in 0.38 ms, found 2 plugins.
Preloading 0 native plugins for Editor in 0.00 ms.
Unloading 1511 Unused Serialized files (Serialized files now loaded: 0)
System memory in use before: 86.3 MB.
System memory in use after: 86.4 MB.

Unloading 15 unused Assets to reduce memory usage. Loaded Objects now: 1973.
Total: 2.414600 ms (FindLiveObjects: 0.119700 ms CreateObjectMapping: 0.041800 ms MarkObjects: 2.216000 ms  DeleteObjects: 0.036300 ms)

AssetImportParameters requested are different than current active one (requested -> active):
  custom:framework-win-MediaFoundation: 216162199b28c13a410421893ffa2e32 -> 
  custom:video-decoder-ogg-theora: a1e56fd34408186e4bbccfd4996cb3dc -> 
  custom:container-muxer-webm: aa71ff27fc2769a1b78a27578f13a17b -> 
  custom:container-demuxer-webm: 4f35f7cbe854078d1ac9338744f61a02 -> 
  custom:container-demuxer-ogg: 62fdf1f143b41e24485cea50d1cbac27 -> 
  custom:video-encoder-webm-vp8: eb34c28f22e8b96e1ab97ce403110664 -> 
  custom:video-decoder-webm-vp8: 9c59270c3fd7afecdb556c50c9e8de78 -> 
  custom:audio-decoder-ogg-vorbis: bf7c407c2cedff20999df2af8eb42d56 -> 
  custom:audio-encoder-webm-vorbis: bf7c407c2cedff20999df2af8eb42d56 -> 
========================================================================
Received Prepare
Registering precompiled user dll's ...
Registered in 0.002680 seconds.
Begin MonoManager ReloadAssembly
Native extension for WindowsStandalone target not found
Refreshing native plugins compatible for Editor in 0.34 ms, found 2 plugins.
Preloading 0 native plugins for Editor in 0.00 ms.
Mono: successfully reloaded assembly
- Completed reload, in  0.816 seconds
Domain Reload Profiling:
	ReloadAssembly (816ms)
		BeginReloadAssembly (100ms)
			ExecutionOrderSort (0ms)
			DisableScriptedObjects (4ms)
			BackupInstance (0ms)
			ReleaseScriptingObjects (0ms)
			CreateAndSetChildDomain (25ms)
		EndReloadAssembly (665ms)
			LoadAssemblies (72ms)
			RebuildTransferFunctionScriptingTraits (0ms)
			SetupTypeCache (242ms)
			ReleaseScriptCaches (1ms)
			RebuildScriptCaches (35ms)
			SetupLoadedEditorAssemblies (238ms)
				LogAssemblyErrors (0ms)
				InitializePlatformSupportModulesInManaged (4ms)
				SetLoadedEditorAssemblies (0ms)
				RefreshPlugins (0ms)
				BeforeProcessingInitializeOnLoad (59ms)
				ProcessInitializeOnLoadAttributes (162ms)
				ProcessInitializeOnLoadMethodAttributes (7ms)
				AfterProcessingInitializeOnLoad (6ms)
				EditorAssembliesLoaded (0ms)
			ExecutionOrderSort2 (0ms)
			AwakeInstancesAfterBackupRestoration (5ms)
Platform modules already initialized, skipping
Refreshing native plugins compatible for Editor in 0.38 ms, found 2 plugins.
Preloading 0 native plugins for Editor in 0.00 ms.
Unloading 1511 Unused Serialized files (Serialized files now loaded: 0)
System memory in use before: 86.3 MB.
System memory in use after: 86.4 MB.

Unloading 15 unused Assets to reduce memory usage. Loaded Objects now: 1975.
Total: 2.782300 ms (FindLiveObjects: 0.118900 ms CreateObjectMapping: 0.035200 ms MarkObjects: 2.591500 ms  DeleteObjects: 0.035800 ms)

AssetImportParameters requested are different than current active one (requested -> active):
  custom:framework-win-MediaFoundation: 216162199b28c13a410421893ffa2e32 -> 
  custom:video-decoder-ogg-theora: a1e56fd34408186e4bbccfd4996cb3dc -> 
  custom:container-muxer-webm: aa71ff27fc2769a1b78a27578f13a17b -> 
  custom:container-demuxer-webm: 4f35f7cbe854078d1ac9338744f61a02 -> 
  custom:container-demuxer-ogg: 62fdf1f143b41e24485cea50d1cbac27 -> 
  custom:video-encoder-webm-vp8: eb34c28f22e8b96e1ab97ce403110664 -> 
  custom:video-decoder-webm-vp8: 9c59270c3fd7afecdb556c50c9e8de78 -> 
  custom:audio-decoder-ogg-vorbis: bf7c407c2cedff20999df2af8eb42d56 -> 
  custom:audio-encoder-webm-vorbis: bf7c407c2cedff20999df2af8eb42d56 -> 
========================================================================
Received Import Request.
  Time since last request: 62.933727 seconds.
  path: Assets/PolygonKnights/Prefabs/Characters
  artifactKey: Guid(8191d4e63e1422140b32f65d9bce1a09) Importer(815301076,1909f56bfc062723c751e8b465ee728b)
Start importing Assets/PolygonKnights/Prefabs/Characters using Guid(8191d4e63e1422140b32f65d9bce1a09) Importer(815301076,1909f56bfc062723c751e8b465ee728b)  -> (artifact id: 'fa3d40a2efc28b3d4e3f365a85776194') in 0.008553 seconds 
  Import took 0.011032 seconds .

========================================================================
Received Import Request.
  Time since last request: 3.771518 seconds.
  path: Assets/PolygonKnights/Prefabs/Characters/Character_Knight_01_Blue.prefab
  artifactKey: Guid(b81ba67e44b1b174d9ef4491f146ee35) Importer(815301076,1909f56bfc062723c751e8b465ee728b)
Start importing Assets/PolygonKnights/Prefabs/Characters/Character_Knight_01_Blue.prefab using Guid(b81ba67e44b1b174d9ef4491f146ee35) Importer(815301076,1909f56bfc062723c751e8b465ee728b)  -> (artifact id: 'b253afb9d784ce9d8bd452e2a01ec13d') in 0.056086 seconds 
  Import took 0.058876 seconds .

========================================================================
Received Import Request.
  Time since last request: 0.469784 seconds.
  path: Assets/PolygonKnights/Prefabs/Characters/Character_Knight_01_Black.prefab
  artifactKey: Guid(507f5dc602b42c549a32a51aa9236bb1) Importer(815301076,1909f56bfc062723c751e8b465ee728b)
Start importing Assets/PolygonKnights/Prefabs/Characters/Character_Knight_01_Black.prefab using Guid(507f5dc602b42c549a32a51aa9236bb1) Importer(815301076,1909f56bfc062723c751e8b465ee728b)  -> (artifact id: 'd24d697fab70dcee98273b7a988c1cbf') in 0.018513 seconds 
  Import took 0.021344 seconds .

========================================================================
Received Import Request.
  Time since last request: 0.393916 seconds.
  path: Assets/PolygonKnights/Prefabs/Characters/Character_Knight_01_Yellow.prefab
  artifactKey: Guid(359a3881d0d0e4143a67b57d6482e854) Importer(815301076,1909f56bfc062723c751e8b465ee728b)
Start importing Assets/PolygonKnights/Prefabs/Characters/Character_Knight_01_Yellow.prefab using Guid(359a3881d0d0e4143a67b57d6482e854) Importer(815301076,1909f56bfc062723c751e8b465ee728b)  -> (artifact id: '38232afc7f2216be544e017c678ee34c') in 0.014537 seconds 
  Import took 0.017402 seconds .

========================================================================
Received Import Request.
  Time since last request: 0.336273 seconds.
  path: Assets/PolygonKnights/Prefabs/Characters/Character_Knight_03_Orange.prefab
  artifactKey: Guid(7cd674477aac5864fb88016585b7e3e2) Importer(815301076,1909f56bfc062723c751e8b465ee728b)
Start importing Assets/PolygonKnights/Prefabs/Characters/Character_Knight_03_Orange.prefab using Guid(7cd674477aac5864fb88016585b7e3e2) Importer(815301076,1909f56bfc062723c751e8b465ee728b)  -> (artifact id: '2952e7940df17217084cca00f2dc127b') in 0.015243 seconds 
  Import took 0.018015 seconds .

========================================================================
Received Import Request.
  Time since last request: 0.346891 seconds.
  path: Assets/PolygonKnights/Prefabs/Characters/Character_Soldier_01_Orange.prefab
  artifactKey: Guid(de9acb9f71f3b514697b1065f1065e4f) Importer(815301076,1909f56bfc062723c751e8b465ee728b)
Start importing Assets/PolygonKnights/Prefabs/Characters/Character_Soldier_01_Orange.prefab using Guid(de9acb9f71f3b514697b1065f1065e4f) Importer(815301076,1909f56bfc062723c751e8b465ee728b)  -> (artifact id: '716c70a9547f88512556c5fdf4286237') in 0.017651 seconds 
  Import took 0.020155 seconds .

========================================================================
Received Import Request.
  Time since last request: 0.996415 seconds.
  path: Assets/PolygonKnights/Prefabs/Characters/Character_Soldier_01_Yellow.prefab
  artifactKey: Guid(1da128d179f99f24b8127fd97ca15aac) Importer(815301076,1909f56bfc062723c751e8b465ee728b)
Start importing Assets/PolygonKnights/Prefabs/Characters/Character_Soldier_01_Yellow.prefab using Guid(1da128d179f99f24b8127fd97ca15aac) Importer(815301076,1909f56bfc062723c751e8b465ee728b)  -> (artifact id: '88e812f7e96e936e415f7e369c9b9b6f') in 0.014367 seconds 
  Import took 0.017147 seconds .

========================================================================
Received Import Request.
  Time since last request: 1.603413 seconds.
  path: Assets/PolygonKnights/Prefabs/Characters/Character_Soldier_02_Blue.prefab
  artifactKey: Guid(cca9b8b9bbb59ce409c11aea054f6a9d) Importer(815301076,1909f56bfc062723c751e8b465ee728b)
Start importing Assets/PolygonKnights/Prefabs/Characters/Character_Soldier_02_Blue.prefab using Guid(cca9b8b9bbb59ce409c11aea054f6a9d) Importer(815301076,1909f56bfc062723c751e8b465ee728b)  -> (artifact id: 'cde2d16bdc8387738977a454fc41d062') in 0.014078 seconds 
  Import took 0.016738 seconds .

========================================================================
Received Import Request.
  Time since last request: 0.375462 seconds.
  path: Assets/PolygonKnights/Prefabs/Characters/Character_Soldier_02_Orange.prefab
  artifactKey: Guid(3b8c3b6dee6c92d4bb9953c1bbede39b) Importer(815301076,1909f56bfc062723c751e8b465ee728b)
Start importing Assets/PolygonKnights/Prefabs/Characters/Character_Soldier_02_Orange.prefab using Guid(3b8c3b6dee6c92d4bb9953c1bbede39b) Importer(815301076,1909f56bfc062723c751e8b465ee728b)  -> (artifact id: 'acaef95fb7243c3851d9e2c93772a66a') in 0.013806 seconds 
  Import took 0.016266 seconds .

========================================================================
Received Import Request.
  Time since last request: 0.316252 seconds.
  path: Assets/PolygonKnights/Prefabs/Characters/Character_Soldier_02_Yellow.prefab
  artifactKey: Guid(0ce8d79c0cd21d640acf39e223c5fd26) Importer(815301076,1909f56bfc062723c751e8b465ee728b)
Start importing Assets/PolygonKnights/Prefabs/Characters/Character_Soldier_02_Yellow.prefab using Guid(0ce8d79c0cd21d640acf39e223c5fd26) Importer(815301076,1909f56bfc062723c751e8b465ee728b)  -> (artifact id: 'f576a5c2edd73a3b754d1077409236d6') in 0.013988 seconds 
  Import took 0.016716 seconds .

========================================================================
Received Import Request.
  Time since last request: 0.421577 seconds.
  path: Assets/PolygonKnights/Prefabs/Characters/Character_Soldier_01_Blue.prefab
  artifactKey: Guid(aa03ca6a3953ccc4397f5f35d2aa0a6d) Importer(815301076,1909f56bfc062723c751e8b465ee728b)
Start importing Assets/PolygonKnights/Prefabs/Characters/Character_Soldier_01_Blue.prefab using Guid(aa03ca6a3953ccc4397f5f35d2aa0a6d) Importer(815301076,1909f56bfc062723c751e8b465ee728b)  -> (artifact id: 'd82a80faa8ed2674d01802925e4ebbe9') in 0.012808 seconds 
  Import took 0.015801 seconds .

========================================================================
Received Import Request.
  Time since last request: 0.292855 seconds.
  path: Assets/PolygonKnights/Prefabs/Characters/Character_Knight_03_Black.prefab
  artifactKey: Guid(8f6b0c88789bc024189afa8e609cf122) Importer(815301076,1909f56bfc062723c751e8b465ee728b)
Start importing Assets/PolygonKnights/Prefabs/Characters/Character_Knight_03_Black.prefab using Guid(8f6b0c88789bc024189afa8e609cf122) Importer(815301076,1909f56bfc062723c751e8b465ee728b)  -> (artifact id: 'c5b07f90115399e4dda0824c5c8ae779') in 0.013560 seconds 
  Import took 0.016577 seconds .

========================================================================
Received Import Request.
  Time since last request: 1.350271 seconds.
  path: Assets/PolygonKnights/Prefabs/Characters/Character_Knight_02_Black.prefab
  artifactKey: Guid(f9d38fed7b251cb4f9546516bfaa11c3) Importer(815301076,1909f56bfc062723c751e8b465ee728b)
Start importing Assets/PolygonKnights/Prefabs/Characters/Character_Knight_02_Black.prefab using Guid(f9d38fed7b251cb4f9546516bfaa11c3) Importer(815301076,1909f56bfc062723c751e8b465ee728b)  -> (artifact id: 'b5cf2ac4153edf8b89105ac2723e5f28') in 0.019327 seconds 
  Import took 0.022490 seconds .

========================================================================
Received Import Request.
  Time since last request: 101.689943 seconds.
  path: Assets/PolygonSamurai
  artifactKey: Guid(613e799ab5f8ce8419c797f788a60fd9) Importer(815301076,1909f56bfc062723c751e8b465ee728b)
Start importing Assets/PolygonSamurai using Guid(613e799ab5f8ce8419c797f788a60fd9) Importer(815301076,1909f56bfc062723c751e8b465ee728b)  -> (artifact id: '3b7e33be13b7370f9beb21a2de721a31') in 0.006669 seconds 
  Import took 0.009223 seconds .

========================================================================
Received Import Request.
  Time since last request: 0.903671 seconds.
  path: Assets/PolygonSamurai/Prefabs
  artifactKey: Guid(583bd84b74a443745b3b11c2fd208156) Importer(815301076,1909f56bfc062723c751e8b465ee728b)
Start importing Assets/PolygonSamurai/Prefabs using Guid(583bd84b74a443745b3b11c2fd208156) Importer(815301076,1909f56bfc062723c751e8b465ee728b)  -> (artifact id: '5d9cca9e5485e8d4cef7db7867a74de1') in 0.005536 seconds 
  Import took 0.007633 seconds .

========================================================================
Received Import Request.
  Time since last request: 0.752144 seconds.
  path: Assets/PolygonSamurai/Prefabs/Characters
  artifactKey: Guid(cc17c593c09077f4a83461af147b417d) Importer(815301076,1909f56bfc062723c751e8b465ee728b)
Start importing Assets/PolygonSamurai/Prefabs/Characters using Guid(cc17c593c09077f4a83461af147b417d) Importer(815301076,1909f56bfc062723c751e8b465ee728b)  -> (artifact id: '876fb04ff3d564b7e6c749f3fb8acaf9') in 0.005332 seconds 
  Import took 0.007978 seconds .

========================================================================
Received Import Request.
  Time since last request: 0.721652 seconds.
  path: Assets/PolygonSamurai/Prefabs/Characters/Character_Geisha_White.prefab
  artifactKey: Guid(973635a74c373f64786c1a722a86f646) Importer(815301076,1909f56bfc062723c751e8b465ee728b)
Start importing Assets/PolygonSamurai/Prefabs/Characters/Character_Geisha_White.prefab using Guid(973635a74c373f64786c1a722a86f646) Importer(815301076,1909f56bfc062723c751e8b465ee728b)  -> (artifact id: '3cd99fb0c5f01cde0b30c2d26bdd181c') in 0.031747 seconds 
  Import took 0.034396 seconds .

========================================================================
Received Import Request.
  Time since last request: 0.458040 seconds.
  path: Assets/PolygonSamurai/Prefabs/Characters/Character_Ninja_Black.prefab
  artifactKey: Guid(91a56ed4bbd7cea42b402e691f87d555) Importer(815301076,1909f56bfc062723c751e8b465ee728b)
Start importing Assets/PolygonSamurai/Prefabs/Characters/Character_Ninja_Black.prefab using Guid(91a56ed4bbd7cea42b402e691f87d555) Importer(815301076,1909f56bfc062723c751e8b465ee728b)  -> (artifact id: '26d056cc60dfdd8e61211b717554a9eb') in 0.018739 seconds 
  Import took 0.021408 seconds .

========================================================================
Received Import Request.
  Time since last request: 0.330943 seconds.
  path: Assets/PolygonSamurai/Prefabs/Characters/Character_Ninja_White.prefab
  artifactKey: Guid(241659bc2ecdb3c44aae2b1a066043f1) Importer(815301076,1909f56bfc062723c751e8b465ee728b)
Start importing Assets/PolygonSamurai/Prefabs/Characters/Character_Ninja_White.prefab using Guid(241659bc2ecdb3c44aae2b1a066043f1) Importer(815301076,1909f56bfc062723c751e8b465ee728b)  -> (artifact id: 'a9cbf7a383e9a2f1b615c9ca5ea7a06b') in 0.015705 seconds 
  Import took 0.018578 seconds .

========================================================================
Received Import Request.
  Time since last request: 1.264112 seconds.
  path: Assets/PolygonSamurai/Prefabs/Characters/Character_Samurai_Grunt_Brown.prefab
  artifactKey: Guid(3827052637b90d34087ce42945162d23) Importer(815301076,1909f56bfc062723c751e8b465ee728b)
Start importing Assets/PolygonSamurai/Prefabs/Characters/Character_Samurai_Grunt_Brown.prefab using Guid(3827052637b90d34087ce42945162d23) Importer(815301076,1909f56bfc062723c751e8b465ee728b)  -> (artifact id: '907e60ef18d80a82028e74f2d341418e') in 0.016535 seconds 
  Import took 0.019368 seconds .

========================================================================
Received Import Request.
  Time since last request: 0.356633 seconds.
  path: Assets/PolygonSamurai/Prefabs/Characters/Character_Samurai_Warrior_Black.prefab
  artifactKey: Guid(32a02de6a6cf2194798f0e6e0e1c82ea) Importer(815301076,1909f56bfc062723c751e8b465ee728b)
Start importing Assets/PolygonSamurai/Prefabs/Characters/Character_Samurai_Warrior_Black.prefab using Guid(32a02de6a6cf2194798f0e6e0e1c82ea) Importer(815301076,1909f56bfc062723c751e8b465ee728b)  -> (artifact id: '17c96f78e9acb7cbfdb13872d92e166d') in 0.018067 seconds 
  Import took 0.020682 seconds .

========================================================================
Received Import Request.
  Time since last request: 0.873947 seconds.
  path: Assets/PolygonSamurai/Prefabs/Characters/Character_Sensei_Black.prefab
  artifactKey: Guid(c063fdc5dadc9e74f82a371b7668d3fb) Importer(815301076,1909f56bfc062723c751e8b465ee728b)
Start importing Assets/PolygonSamurai/Prefabs/Characters/Character_Sensei_Black.prefab using Guid(c063fdc5dadc9e74f82a371b7668d3fb) Importer(815301076,1909f56bfc062723c751e8b465ee728b)  -> (artifact id: '8e770f3ed7e5d8d6c602485be06987c9') in 0.019407 seconds 
  Import took 0.022158 seconds .

========================================================================
Received Import Request.
  Time since last request: 0.440014 seconds.
  path: Assets/PolygonSamurai/Prefabs/Characters/Character_Sensei_Brown.prefab
  artifactKey: Guid(a3d63e24f853705488ac04e22173bc16) Importer(815301076,1909f56bfc062723c751e8b465ee728b)
Start importing Assets/PolygonSamurai/Prefabs/Characters/Character_Sensei_Brown.prefab using Guid(a3d63e24f853705488ac04e22173bc16) Importer(815301076,1909f56bfc062723c751e8b465ee728b)  -> (artifact id: '34bf05700ca4e2813d0136f949c659f7') in 0.017386 seconds 
  Import took 0.020398 seconds .

========================================================================
Received Import Request.
  Time since last request: 0.325558 seconds.
  path: Assets/PolygonSamurai/Prefabs/Characters/Character_Village_Man_Black.prefab
  artifactKey: Guid(2fdb69d5b256cfa4e96c226f05a29874) Importer(815301076,1909f56bfc062723c751e8b465ee728b)
Start importing Assets/PolygonSamurai/Prefabs/Characters/Character_Village_Man_Black.prefab using Guid(2fdb69d5b256cfa4e96c226f05a29874) Importer(815301076,1909f56bfc062723c751e8b465ee728b)  -> (artifact id: 'fde7eec2e40dc5ded7638b852d743fb0') in 0.017219 seconds 
  Import took 0.019928 seconds .

========================================================================
Received Import Request.
  Time since last request: 0.456121 seconds.
  path: Assets/PolygonSamurai/Prefabs/Characters/Character_Village_Woman_Black.prefab
  artifactKey: Guid(bdada2a617695db4f84095cb35715a3d) Importer(815301076,1909f56bfc062723c751e8b465ee728b)
Start importing Assets/PolygonSamurai/Prefabs/Characters/Character_Village_Woman_Black.prefab using Guid(bdada2a617695db4f84095cb35715a3d) Importer(815301076,1909f56bfc062723c751e8b465ee728b)  -> (artifact id: '5853b3e263a4919e65c9b8acf9642aa8') in 0.019434 seconds 
  Import took 0.022008 seconds .

========================================================================
Received Import Request.
  Time since last request: 0.465537 seconds.
  path: Assets/PolygonSamurai/Prefabs/Characters/Character_Village_Man_White.prefab
  artifactKey: Guid(3644d4550a4567b4586e8f9659c351d6) Importer(815301076,1909f56bfc062723c751e8b465ee728b)
Start importing Assets/PolygonSamurai/Prefabs/Characters/Character_Village_Man_White.prefab using Guid(3644d4550a4567b4586e8f9659c351d6) Importer(815301076,1909f56bfc062723c751e8b465ee728b)  -> (artifact id: '96c7f0e636c076078c0837a5dd8f7185') in 0.015017 seconds 
  Import took 0.018011 seconds .

========================================================================
Received Prepare
Registering precompiled user dll's ...
Registered in 0.002840 seconds.
Begin MonoManager ReloadAssembly
Native extension for WindowsStandalone target not found
Refreshing native plugins compatible for Editor in 0.37 ms, found 2 plugins.
Preloading 0 native plugins for Editor in 0.00 ms.
Mono: successfully reloaded assembly
- Completed reload, in  0.798 seconds
Domain Reload Profiling:
	ReloadAssembly (798ms)
		BeginReloadAssembly (103ms)
			ExecutionOrderSort (0ms)
			DisableScriptedObjects (4ms)
			BackupInstance (0ms)
			ReleaseScriptingObjects (0ms)
			CreateAndSetChildDomain (26ms)
		EndReloadAssembly (642ms)
			LoadAssemblies (75ms)
			RebuildTransferFunctionScriptingTraits (0ms)
			SetupTypeCache (223ms)
			ReleaseScriptCaches (1ms)
			RebuildScriptCaches (31ms)
			SetupLoadedEditorAssemblies (238ms)
				LogAssemblyErrors (0ms)
				InitializePlatformSupportModulesInManaged (4ms)
				SetLoadedEditorAssemblies (0ms)
				RefreshPlugins (0ms)
				BeforeProcessingInitializeOnLoad (61ms)
				ProcessInitializeOnLoadAttributes (159ms)
				ProcessInitializeOnLoadMethodAttributes (7ms)
				AfterProcessingInitializeOnLoad (6ms)
				EditorAssembliesLoaded (0ms)
			ExecutionOrderSort2 (0ms)
			AwakeInstancesAfterBackupRestoration (6ms)
Platform modules already initialized, skipping
Refreshing native plugins compatible for Editor in 0.40 ms, found 2 plugins.
Preloading 0 native plugins for Editor in 0.00 ms.
Unloading 1511 Unused Serialized files (Serialized files now loaded: 0)
System memory in use before: 87.1 MB.
System memory in use after: 87.2 MB.

Unloading 15 unused Assets to reduce memory usage. Loaded Objects now: 1978.
Total: 2.813500 ms (FindLiveObjects: 0.127700 ms CreateObjectMapping: 0.037500 ms MarkObjects: 2.610900 ms  DeleteObjects: 0.036700 ms)

AssetImportParameters requested are different than current active one (requested -> active):
  custom:framework-win-MediaFoundation: 216162199b28c13a410421893ffa2e32 -> 
  custom:video-decoder-ogg-theora: a1e56fd34408186e4bbccfd4996cb3dc -> 
  custom:container-muxer-webm: aa71ff27fc2769a1b78a27578f13a17b -> 
  custom:container-demuxer-webm: 4f35f7cbe854078d1ac9338744f61a02 -> 
  custom:container-demuxer-ogg: 62fdf1f143b41e24485cea50d1cbac27 -> 
  custom:video-encoder-webm-vp8: eb34c28f22e8b96e1ab97ce403110664 -> 
  custom:video-decoder-webm-vp8: 9c59270c3fd7afecdb556c50c9e8de78 -> 
  custom:audio-decoder-ogg-vorbis: bf7c407c2cedff20999df2af8eb42d56 -> 
  custom:audio-encoder-webm-vorbis: bf7c407c2cedff20999df2af8eb42d56 -> 
========================================================================
Received Import Request.
  Time since last request: 98.599998 seconds.
  path: Assets/Player/ThirdPersonAndLockon/_Scripts
  artifactKey: Guid(3b9294da15676f3499a314d7091331fd) Importer(815301076,1909f56bfc062723c751e8b465ee728b)
Start importing Assets/Player/ThirdPersonAndLockon/_Scripts using Guid(3b9294da15676f3499a314d7091331fd) Importer(815301076,1909f56bfc062723c751e8b465ee728b)  -> (artifact id: '622973fc02dda7244eca79a1f9ae4e11') in 0.007072 seconds 
  Import took 0.009802 seconds .

========================================================================
Received Import Request.
  Time since last request: 1.267087 seconds.
  path: Assets/Player/ThirdPersonAndLockon/_Scripts/PlayerBehaviour.cs
  artifactKey: Guid(a9bbeb970eaaf284dbc96524a1ee2448) Importer(815301076,1909f56bfc062723c751e8b465ee728b)
Start importing Assets/Player/ThirdPersonAndLockon/_Scripts/PlayerBehaviour.cs using Guid(a9bbeb970eaaf284dbc96524a1ee2448) Importer(815301076,1909f56bfc062723c751e8b465ee728b)  -> (artifact id: '9a048638fa561b0fb2942a710129601e') in 0.004479 seconds 
  Import took 0.006515 seconds .

========================================================================
Received Prepare
Registering precompiled user dll's ...
Registered in 0.002655 seconds.
Begin MonoManager ReloadAssembly
Native extension for WindowsStandalone target not found
Refreshing native plugins compatible for Editor in 0.41 ms, found 2 plugins.
Preloading 0 native plugins for Editor in 0.00 ms.
Mono: successfully reloaded assembly
- Completed reload, in  0.819 seconds
Domain Reload Profiling:
	ReloadAssembly (820ms)
		BeginReloadAssembly (102ms)
			ExecutionOrderSort (0ms)
			DisableScriptedObjects (3ms)
			BackupInstance (0ms)
			ReleaseScriptingObjects (0ms)
			CreateAndSetChildDomain (24ms)
		EndReloadAssembly (664ms)
			LoadAssemblies (77ms)
			RebuildTransferFunctionScriptingTraits (0ms)
			SetupTypeCache (239ms)
			ReleaseScriptCaches (1ms)
			RebuildScriptCaches (32ms)
			SetupLoadedEditorAssemblies (237ms)
				LogAssemblyErrors (0ms)
				InitializePlatformSupportModulesInManaged (4ms)
				SetLoadedEditorAssemblies (0ms)
				RefreshPlugins (0ms)
				BeforeProcessingInitializeOnLoad (59ms)
				ProcessInitializeOnLoadAttributes (160ms)
				ProcessInitializeOnLoadMethodAttributes (7ms)
				AfterProcessingInitializeOnLoad (6ms)
				EditorAssembliesLoaded (0ms)
			ExecutionOrderSort2 (0ms)
			AwakeInstancesAfterBackupRestoration (5ms)
Platform modules already initialized, skipping
Refreshing native plugins compatible for Editor in 0.36 ms, found 2 plugins.
Preloading 0 native plugins for Editor in 0.00 ms.
Unloading 1510 Unused Serialized files (Serialized files now loaded: 0)
System memory in use before: 87.1 MB.
System memory in use after: 87.2 MB.

Unloading 16 unused Assets to reduce memory usage. Loaded Objects now: 1979.
Total: 2.611300 ms (FindLiveObjects: 0.150500 ms CreateObjectMapping: 0.043900 ms MarkObjects: 2.374100 ms  DeleteObjects: 0.042100 ms)

AssetImportParameters requested are different than current active one (requested -> active):
  custom:framework-win-MediaFoundation: 216162199b28c13a410421893ffa2e32 -> 
  custom:video-decoder-ogg-theora: a1e56fd34408186e4bbccfd4996cb3dc -> 
  custom:container-muxer-webm: aa71ff27fc2769a1b78a27578f13a17b -> 
  custom:container-demuxer-webm: 4f35f7cbe854078d1ac9338744f61a02 -> 
  custom:container-demuxer-ogg: 62fdf1f143b41e24485cea50d1cbac27 -> 
  custom:video-encoder-webm-vp8: eb34c28f22e8b96e1ab97ce403110664 -> 
  custom:video-decoder-webm-vp8: 9c59270c3fd7afecdb556c50c9e8de78 -> 
  custom:audio-decoder-ogg-vorbis: bf7c407c2cedff20999df2af8eb42d56 -> 
  custom:audio-encoder-webm-vorbis: bf7c407c2cedff20999df2af8eb42d56 -> 
========================================================================
Received Prepare
Registering precompiled user dll's ...
Registered in 0.003364 seconds.
Begin MonoManager ReloadAssembly
Native extension for WindowsStandalone target not found
Refreshing native plugins compatible for Editor in 0.37 ms, found 2 plugins.
Preloading 0 native plugins for Editor in 0.00 ms.
Mono: successfully reloaded assembly
- Completed reload, in  0.874 seconds
Domain Reload Profiling:
	ReloadAssembly (875ms)
		BeginReloadAssembly (112ms)
			ExecutionOrderSort (0ms)
			DisableScriptedObjects (4ms)
			BackupInstance (0ms)
			ReleaseScriptingObjects (0ms)
			CreateAndSetChildDomain (26ms)
		EndReloadAssembly (706ms)
			LoadAssemblies (82ms)
			RebuildTransferFunctionScriptingTraits (0ms)
			SetupTypeCache (248ms)
			ReleaseScriptCaches (1ms)
			RebuildScriptCaches (36ms)
			SetupLoadedEditorAssemblies (265ms)
				LogAssemblyErrors (0ms)
				InitializePlatformSupportModulesInManaged (4ms)
				SetLoadedEditorAssemblies (0ms)
				RefreshPlugins (0ms)
				BeforeProcessingInitializeOnLoad (69ms)
				ProcessInitializeOnLoadAttributes (177ms)
				ProcessInitializeOnLoadMethodAttributes (8ms)
				AfterProcessingInitializeOnLoad (6ms)
				EditorAssembliesLoaded (0ms)
			ExecutionOrderSort2 (0ms)
			AwakeInstancesAfterBackupRestoration (6ms)
Platform modules already initialized, skipping
Refreshing native plugins compatible for Editor in 0.44 ms, found 2 plugins.
Preloading 0 native plugins for Editor in 0.00 ms.
Unloading 1510 Unused Serialized files (Serialized files now loaded: 0)
System memory in use before: 87.1 MB.
System memory in use after: 87.2 MB.

Unloading 15 unused Assets to reduce memory usage. Loaded Objects now: 1981.
Total: 2.849400 ms (FindLiveObjects: 0.120300 ms CreateObjectMapping: 0.043700 ms MarkObjects: 2.628200 ms  DeleteObjects: 0.056100 ms)

AssetImportParameters requested are different than current active one (requested -> active):
  custom:framework-win-MediaFoundation: 216162199b28c13a410421893ffa2e32 -> 
  custom:video-decoder-ogg-theora: a1e56fd34408186e4bbccfd4996cb3dc -> 
  custom:container-muxer-webm: aa71ff27fc2769a1b78a27578f13a17b -> 
  custom:container-demuxer-webm: 4f35f7cbe854078d1ac9338744f61a02 -> 
  custom:container-demuxer-ogg: 62fdf1f143b41e24485cea50d1cbac27 -> 
  custom:video-encoder-webm-vp8: eb34c28f22e8b96e1ab97ce403110664 -> 
  custom:video-decoder-webm-vp8: 9c59270c3fd7afecdb556c50c9e8de78 -> 
  custom:audio-decoder-ogg-vorbis: bf7c407c2cedff20999df2af8eb42d56 -> 
  custom:audio-encoder-webm-vorbis: bf7c407c2cedff20999df2af8eb42d56 -> 
========================================================================
Received Import Request.
  Time since last request: 104.820909 seconds.
  path: Assets/Player/ThirdPersonAndLockon/_Scripts/PlayerControls.cs
  artifactKey: Guid(7eb6e29a63fbfc349a0de6392ded1379) Importer(815301076,1909f56bfc062723c751e8b465ee728b)
Start importing Assets/Player/ThirdPersonAndLockon/_Scripts/PlayerControls.cs using Guid(7eb6e29a63fbfc349a0de6392ded1379) Importer(815301076,1909f56bfc062723c751e8b465ee728b)  -> (artifact id: 'c44183a130ffd1fae2b4bf447a9e1b7e') in 0.008050 seconds 
  Import took 0.011262 seconds .

========================================================================
Received Import Request.
  Time since last request: 0.244969 seconds.
  path: Assets/Player/ThirdPersonAndLockon/_Scripts/OrbitCamera.cs
  artifactKey: Guid(132a5da3dc631eb4d8141e74fbd7b7da) Importer(815301076,1909f56bfc062723c751e8b465ee728b)
Start importing Assets/Player/ThirdPersonAndLockon/_Scripts/OrbitCamera.cs using Guid(132a5da3dc631eb4d8141e74fbd7b7da) Importer(815301076,1909f56bfc062723c751e8b465ee728b)  -> (artifact id: '49b40c363d5e14f127ed83cc45b36514') in 0.004588 seconds 
  Import took 0.006669 seconds .

========================================================================
Received Import Request.
  Time since last request: 0.324499 seconds.
  path: Assets/Player/ThirdPersonAndLockon/_Scripts/PlayerBehaviour.cs
  artifactKey: Guid(a9bbeb970eaaf284dbc96524a1ee2448) Importer(815301076,1909f56bfc062723c751e8b465ee728b)
Start importing Assets/Player/ThirdPersonAndLockon/_Scripts/PlayerBehaviour.cs using Guid(a9bbeb970eaaf284dbc96524a1ee2448) Importer(815301076,1909f56bfc062723c751e8b465ee728b)  -> (artifact id: '857ecae1d9d85fe1d407e3ca5ea9c444') in 0.001523 seconds 
  Import took 0.003799 seconds .

========================================================================
Received Import Request.
  Time since last request: 1.820196 seconds.
  path: Assets/Player/ThirdPersonAndLockon/_Scripts/Player.cs
  artifactKey: Guid(a9bbeb970eaaf284dbc96524a1ee2448) Importer(815301076,1909f56bfc062723c751e8b465ee728b)
Start importing Assets/Player/ThirdPersonAndLockon/_Scripts/Player.cs using Guid(a9bbeb970eaaf284dbc96524a1ee2448) Importer(815301076,1909f56bfc062723c751e8b465ee728b)  -> (artifact id: '550087cbcbde619a804404ad1396e704') in 0.004766 seconds 
  Import took 0.007864 seconds .

========================================================================
Received Prepare
Registering precompiled user dll's ...
Registered in 0.002577 seconds.
Begin MonoManager ReloadAssembly
Native extension for WindowsStandalone target not found
Refreshing native plugins compatible for Editor in 0.37 ms, found 2 plugins.
Preloading 0 native plugins for Editor in 0.00 ms.
Mono: successfully reloaded assembly
- Completed reload, in  0.817 seconds
Domain Reload Profiling:
	ReloadAssembly (817ms)
		BeginReloadAssembly (102ms)
			ExecutionOrderSort (0ms)
			DisableScriptedObjects (3ms)
			BackupInstance (0ms)
			ReleaseScriptingObjects (0ms)
			CreateAndSetChildDomain (24ms)
		EndReloadAssembly (658ms)
			LoadAssemblies (73ms)
			RebuildTransferFunctionScriptingTraits (0ms)
			SetupTypeCache (235ms)
			ReleaseScriptCaches (1ms)
			RebuildScriptCaches (32ms)
			SetupLoadedEditorAssemblies (243ms)
				LogAssemblyErrors (0ms)
				InitializePlatformSupportModulesInManaged (4ms)
				SetLoadedEditorAssemblies (0ms)
				RefreshPlugins (0ms)
				BeforeProcessingInitializeOnLoad (59ms)
				ProcessInitializeOnLoadAttributes (166ms)
				ProcessInitializeOnLoadMethodAttributes (7ms)
				AfterProcessingInitializeOnLoad (6ms)
				EditorAssembliesLoaded (0ms)
			ExecutionOrderSort2 (0ms)
			AwakeInstancesAfterBackupRestoration (5ms)
Platform modules already initialized, skipping
Refreshing native plugins compatible for Editor in 0.35 ms, found 2 plugins.
Preloading 0 native plugins for Editor in 0.00 ms.
Unloading 1510 Unused Serialized files (Serialized files now loaded: 0)
System memory in use before: 87.1 MB.
System memory in use after: 87.2 MB.

Unloading 15 unused Assets to reduce memory usage. Loaded Objects now: 1983.
Total: 2.645400 ms (FindLiveObjects: 0.125500 ms CreateObjectMapping: 0.043200 ms MarkObjects: 2.430100 ms  DeleteObjects: 0.045600 ms)

AssetImportParameters requested are different than current active one (requested -> active):
  custom:framework-win-MediaFoundation: 216162199b28c13a410421893ffa2e32 -> 
  custom:video-decoder-ogg-theora: a1e56fd34408186e4bbccfd4996cb3dc -> 
  custom:container-muxer-webm: aa71ff27fc2769a1b78a27578f13a17b -> 
  custom:container-demuxer-webm: 4f35f7cbe854078d1ac9338744f61a02 -> 
  custom:container-demuxer-ogg: 62fdf1f143b41e24485cea50d1cbac27 -> 
  custom:video-encoder-webm-vp8: eb34c28f22e8b96e1ab97ce403110664 -> 
  custom:video-decoder-webm-vp8: 9c59270c3fd7afecdb556c50c9e8de78 -> 
  custom:audio-decoder-ogg-vorbis: bf7c407c2cedff20999df2af8eb42d56 -> 
  custom:audio-encoder-webm-vorbis: bf7c407c2cedff20999df2af8eb42d56 -> 
========================================================================
Received Prepare
Registering precompiled user dll's ...
Registered in 0.002573 seconds.
Begin MonoManager ReloadAssembly
Native extension for WindowsStandalone target not found
Refreshing native plugins compatible for Editor in 0.39 ms, found 2 plugins.
Preloading 0 native plugins for Editor in 0.00 ms.
Mono: successfully reloaded assembly
- Completed reload, in  0.795 seconds
Domain Reload Profiling:
	ReloadAssembly (795ms)
		BeginReloadAssembly (94ms)
			ExecutionOrderSort (0ms)
			DisableScriptedObjects (4ms)
			BackupInstance (0ms)
			ReleaseScriptingObjects (0ms)
			CreateAndSetChildDomain (23ms)
		EndReloadAssembly (650ms)
			LoadAssemblies (70ms)
			RebuildTransferFunctionScriptingTraits (0ms)
			SetupTypeCache (222ms)
			ReleaseScriptCaches (1ms)
			RebuildScriptCaches (31ms)
			SetupLoadedEditorAssemblies (248ms)
				LogAssemblyErrors (0ms)
				InitializePlatformSupportModulesInManaged (4ms)
				SetLoadedEditorAssemblies (0ms)
				RefreshPlugins (0ms)
				BeforeProcessingInitializeOnLoad (58ms)
				ProcessInitializeOnLoadAttributes (171ms)
				ProcessInitializeOnLoadMethodAttributes (8ms)
				AfterProcessingInitializeOnLoad (6ms)
				EditorAssembliesLoaded (0ms)
			ExecutionOrderSort2 (0ms)
			AwakeInstancesAfterBackupRestoration (8ms)
Platform modules already initialized, skipping
Refreshing native plugins compatible for Editor in 0.38 ms, found 2 plugins.
Preloading 0 native plugins for Editor in 0.00 ms.
Unloading 1510 Unused Serialized files (Serialized files now loaded: 0)
System memory in use before: 87.1 MB.
System memory in use after: 87.2 MB.

Unloading 15 unused Assets to reduce memory usage. Loaded Objects now: 1985.
Total: 3.142800 ms (FindLiveObjects: 0.122500 ms CreateObjectMapping: 0.043900 ms MarkObjects: 2.934900 ms  DeleteObjects: 0.040500 ms)

AssetImportParameters requested are different than current active one (requested -> active):
  custom:framework-win-MediaFoundation: 216162199b28c13a410421893ffa2e32 -> 
  custom:video-decoder-ogg-theora: a1e56fd34408186e4bbccfd4996cb3dc -> 
  custom:container-muxer-webm: aa71ff27fc2769a1b78a27578f13a17b -> 
  custom:container-demuxer-webm: 4f35f7cbe854078d1ac9338744f61a02 -> 
  custom:container-demuxer-ogg: 62fdf1f143b41e24485cea50d1cbac27 -> 
  custom:video-encoder-webm-vp8: eb34c28f22e8b96e1ab97ce403110664 -> 
  custom:video-decoder-webm-vp8: 9c59270c3fd7afecdb556c50c9e8de78 -> 
  custom:audio-decoder-ogg-vorbis: bf7c407c2cedff20999df2af8eb42d56 -> 
  custom:audio-encoder-webm-vorbis: bf7c407c2cedff20999df2af8eb42d56 -> 
========================================================================
Received Import Request.
  Time since last request: 55.565850 seconds.
  path: Assets/_Scripts/LookatPlayerCam.cs
  artifactKey: Guid(2ff536bd12e6e5a458c85b2df8b2f883) Importer(815301076,1909f56bfc062723c751e8b465ee728b)
Start importing Assets/_Scripts/LookatPlayerCam.cs using Guid(2ff536bd12e6e5a458c85b2df8b2f883) Importer(815301076,1909f56bfc062723c751e8b465ee728b)  -> (artifact id: 'd8326c29dd4d30db7754064e622b4e6a') in 0.006767 seconds 
  Import took 0.009114 seconds .

========================================================================
Received Prepare
Registering precompiled user dll's ...
Registered in 0.002595 seconds.
Begin MonoManager ReloadAssembly
Native extension for WindowsStandalone target not found
Refreshing native plugins compatible for Editor in 0.36 ms, found 2 plugins.
Preloading 0 native plugins for Editor in 0.00 ms.
Mono: successfully reloaded assembly
- Completed reload, in  0.817 seconds
Domain Reload Profiling:
	ReloadAssembly (817ms)
		BeginReloadAssembly (100ms)
			ExecutionOrderSort (0ms)
			DisableScriptedObjects (3ms)
			BackupInstance (0ms)
			ReleaseScriptingObjects (0ms)
			CreateAndSetChildDomain (25ms)
		EndReloadAssembly (667ms)
			LoadAssemblies (74ms)
			RebuildTransferFunctionScriptingTraits (0ms)
			SetupTypeCache (241ms)
			ReleaseScriptCaches (1ms)
			RebuildScriptCaches (33ms)
			SetupLoadedEditorAssemblies (246ms)
				LogAssemblyErrors (0ms)
				InitializePlatformSupportModulesInManaged (4ms)
				SetLoadedEditorAssemblies (0ms)
				RefreshPlugins (0ms)
				BeforeProcessingInitializeOnLoad (60ms)
				ProcessInitializeOnLoadAttributes (168ms)
				ProcessInitializeOnLoadMethodAttributes (7ms)
				AfterProcessingInitializeOnLoad (6ms)
				EditorAssembliesLoaded (0ms)
			ExecutionOrderSort2 (0ms)
			AwakeInstancesAfterBackupRestoration (6ms)
Platform modules already initialized, skipping
Refreshing native plugins compatible for Editor in 0.46 ms, found 2 plugins.
Preloading 0 native plugins for Editor in 0.00 ms.
Unloading 1511 Unused Serialized files (Serialized files now loaded: 0)
System memory in use before: 87.2 MB.
System memory in use after: 87.3 MB.

Unloading 15 unused Assets to reduce memory usage. Loaded Objects now: 1988.
Total: 2.913900 ms (FindLiveObjects: 0.132700 ms CreateObjectMapping: 0.036600 ms MarkObjects: 2.704400 ms  DeleteObjects: 0.039200 ms)

AssetImportParameters requested are different than current active one (requested -> active):
  custom:framework-win-MediaFoundation: 216162199b28c13a410421893ffa2e32 -> 
  custom:video-decoder-ogg-theora: a1e56fd34408186e4bbccfd4996cb3dc -> 
  custom:container-muxer-webm: aa71ff27fc2769a1b78a27578f13a17b -> 
  custom:container-demuxer-webm: 4f35f7cbe854078d1ac9338744f61a02 -> 
  custom:container-demuxer-ogg: 62fdf1f143b41e24485cea50d1cbac27 -> 
  custom:video-encoder-webm-vp8: eb34c28f22e8b96e1ab97ce403110664 -> 
  custom:video-decoder-webm-vp8: 9c59270c3fd7afecdb556c50c9e8de78 -> 
  custom:audio-decoder-ogg-vorbis: bf7c407c2cedff20999df2af8eb42d56 -> 
  custom:audio-encoder-webm-vorbis: bf7c407c2cedff20999df2af8eb42d56 -> 
========================================================================
Received Prepare
Registering precompiled user dll's ...
Registered in 0.003808 seconds.
Begin MonoManager ReloadAssembly
Native extension for WindowsStandalone target not found
Refreshing native plugins compatible for Editor in 0.37 ms, found 2 plugins.
Preloading 0 native plugins for Editor in 0.00 ms.
Mono: successfully reloaded assembly
- Completed reload, in  0.814 seconds
Domain Reload Profiling:
	ReloadAssembly (814ms)
		BeginReloadAssembly (92ms)
			ExecutionOrderSort (0ms)
			DisableScriptedObjects (4ms)
			BackupInstance (0ms)
			ReleaseScriptingObjects (0ms)
			CreateAndSetChildDomain (24ms)
		EndReloadAssembly (665ms)
			LoadAssemblies (70ms)
			RebuildTransferFunctionScriptingTraits (0ms)
			SetupTypeCache (240ms)
			ReleaseScriptCaches (1ms)
			RebuildScriptCaches (31ms)
			SetupLoadedEditorAssemblies (239ms)
				LogAssemblyErrors (0ms)
				InitializePlatformSupportModulesInManaged (4ms)
				SetLoadedEditorAssemblies (0ms)
				RefreshPlugins (0ms)
				BeforeProcessingInitializeOnLoad (61ms)
				ProcessInitializeOnLoadAttributes (161ms)
				ProcessInitializeOnLoadMethodAttributes (7ms)
				AfterProcessingInitializeOnLoad (6ms)
				EditorAssembliesLoaded (0ms)
			ExecutionOrderSort2 (0ms)
			AwakeInstancesAfterBackupRestoration (6ms)
Platform modules already initialized, skipping
Refreshing native plugins compatible for Editor in 0.42 ms, found 2 plugins.
Preloading 0 native plugins for Editor in 0.00 ms.
Unloading 1511 Unused Serialized files (Serialized files now loaded: 0)
System memory in use before: 87.2 MB.
System memory in use after: 87.3 MB.

Unloading 15 unused Assets to reduce memory usage. Loaded Objects now: 1990.
Total: 2.602000 ms (FindLiveObjects: 0.104800 ms CreateObjectMapping: 0.034100 ms MarkObjects: 2.420800 ms  DeleteObjects: 0.041500 ms)

AssetImportParameters requested are different than current active one (requested -> active):
  custom:framework-win-MediaFoundation: 216162199b28c13a410421893ffa2e32 -> 
  custom:video-decoder-ogg-theora: a1e56fd34408186e4bbccfd4996cb3dc -> 
  custom:container-muxer-webm: aa71ff27fc2769a1b78a27578f13a17b -> 
  custom:container-demuxer-webm: 4f35f7cbe854078d1ac9338744f61a02 -> 
  custom:container-demuxer-ogg: 62fdf1f143b41e24485cea50d1cbac27 -> 
  custom:video-encoder-webm-vp8: eb34c28f22e8b96e1ab97ce403110664 -> 
  custom:video-decoder-webm-vp8: 9c59270c3fd7afecdb556c50c9e8de78 -> 
  custom:audio-decoder-ogg-vorbis: bf7c407c2cedff20999df2af8eb42d56 -> 
  custom:audio-encoder-webm-vorbis: bf7c407c2cedff20999df2af8eb42d56 -> 
========================================================================
Received Import Request.
  Time since last request: 48.572442 seconds.
  path: Assets/_Scripts/LookatPlayerCam.cs
  artifactKey: Guid(2ff536bd12e6e5a458c85b2df8b2f883) Importer(815301076,1909f56bfc062723c751e8b465ee728b)
Start importing Assets/_Scripts/LookatPlayerCam.cs using Guid(2ff536bd12e6e5a458c85b2df8b2f883) Importer(815301076,1909f56bfc062723c751e8b465ee728b)  -> (artifact id: '64a5d8a8817078633074df94a0f86643') in 0.002937 seconds 
  Import took 0.004987 seconds .

========================================================================
Received Prepare
Registering precompiled user dll's ...
Registered in 0.002687 seconds.
Begin MonoManager ReloadAssembly
Native extension for WindowsStandalone target not found
Refreshing native plugins compatible for Editor in 0.63 ms, found 2 plugins.
Preloading 0 native plugins for Editor in 0.00 ms.
Mono: successfully reloaded assembly
- Completed reload, in  0.812 seconds
Domain Reload Profiling:
	ReloadAssembly (812ms)
		BeginReloadAssembly (90ms)
			ExecutionOrderSort (0ms)
			DisableScriptedObjects (4ms)
			BackupInstance (0ms)
			ReleaseScriptingObjects (0ms)
			CreateAndSetChildDomain (23ms)
		EndReloadAssembly (671ms)
			LoadAssemblies (72ms)
			RebuildTransferFunctionScriptingTraits (0ms)
			SetupTypeCache (232ms)
			ReleaseScriptCaches (1ms)
			RebuildScriptCaches (32ms)
			SetupLoadedEditorAssemblies (245ms)
				LogAssemblyErrors (0ms)
				InitializePlatformSupportModulesInManaged (6ms)
				SetLoadedEditorAssemblies (1ms)
				RefreshPlugins (1ms)
				BeforeProcessingInitializeOnLoad (65ms)
				ProcessInitializeOnLoadAttributes (161ms)
				ProcessInitializeOnLoadMethodAttributes (7ms)
				AfterProcessingInitializeOnLoad (5ms)
				EditorAssembliesLoaded (0ms)
			ExecutionOrderSort2 (0ms)
			AwakeInstancesAfterBackupRestoration (5ms)
Platform modules already initialized, skipping
Refreshing native plugins compatible for Editor in 0.36 ms, found 2 plugins.
Preloading 0 native plugins for Editor in 0.00 ms.
Unloading 1511 Unused Serialized files (Serialized files now loaded: 0)
System memory in use before: 87.2 MB.
System memory in use after: 87.3 MB.

Unloading 15 unused Assets to reduce memory usage. Loaded Objects now: 1992.
Total: 2.584700 ms (FindLiveObjects: 0.107600 ms CreateObjectMapping: 0.036000 ms MarkObjects: 2.403700 ms  DeleteObjects: 0.036500 ms)

AssetImportParameters requested are different than current active one (requested -> active):
  custom:framework-win-MediaFoundation: 216162199b28c13a410421893ffa2e32 -> 
  custom:video-decoder-ogg-theora: a1e56fd34408186e4bbccfd4996cb3dc -> 
  custom:container-muxer-webm: aa71ff27fc2769a1b78a27578f13a17b -> 
  custom:container-demuxer-webm: 4f35f7cbe854078d1ac9338744f61a02 -> 
  custom:container-demuxer-ogg: 62fdf1f143b41e24485cea50d1cbac27 -> 
  custom:video-encoder-webm-vp8: eb34c28f22e8b96e1ab97ce403110664 -> 
  custom:video-decoder-webm-vp8: 9c59270c3fd7afecdb556c50c9e8de78 -> 
  custom:audio-decoder-ogg-vorbis: bf7c407c2cedff20999df2af8eb42d56 -> 
  custom:audio-encoder-webm-vorbis: bf7c407c2cedff20999df2af8eb42d56 -> 
========================================================================
Received Prepare
Registering precompiled user dll's ...
Registered in 0.002617 seconds.
Begin MonoManager ReloadAssembly
Native extension for WindowsStandalone target not found
Refreshing native plugins compatible for Editor in 0.40 ms, found 2 plugins.
Preloading 0 native plugins for Editor in 0.00 ms.
Mono: successfully reloaded assembly
- Completed reload, in  0.836 seconds
Domain Reload Profiling:
	ReloadAssembly (836ms)
		BeginReloadAssembly (101ms)
			ExecutionOrderSort (0ms)
			DisableScriptedObjects (4ms)
			BackupInstance (0ms)
			ReleaseScriptingObjects (0ms)
			CreateAndSetChildDomain (24ms)
		EndReloadAssembly (684ms)
			LoadAssemblies (71ms)
			RebuildTransferFunctionScriptingTraits (0ms)
			SetupTypeCache (243ms)
			ReleaseScriptCaches (1ms)
			RebuildScriptCaches (35ms)
			SetupLoadedEditorAssemblies (255ms)
				LogAssemblyErrors (0ms)
				InitializePlatformSupportModulesInManaged (4ms)
				SetLoadedEditorAssemblies (1ms)
				RefreshPlugins (0ms)
				BeforeProcessingInitializeOnLoad (62ms)
				ProcessInitializeOnLoadAttributes (174ms)
				ProcessInitializeOnLoadMethodAttributes (8ms)
				AfterProcessingInitializeOnLoad (6ms)
				EditorAssembliesLoaded (0ms)
			ExecutionOrderSort2 (0ms)
			AwakeInstancesAfterBackupRestoration (6ms)
Platform modules already initialized, skipping
Refreshing native plugins compatible for Editor in 0.42 ms, found 2 plugins.
Preloading 0 native plugins for Editor in 0.00 ms.
Unloading 1511 Unused Serialized files (Serialized files now loaded: 0)
System memory in use before: 87.2 MB.
System memory in use after: 87.3 MB.

Unloading 15 unused Assets to reduce memory usage. Loaded Objects now: 1994.
Total: 2.736400 ms (FindLiveObjects: 0.146800 ms CreateObjectMapping: 0.048400 ms MarkObjects: 2.502700 ms  DeleteObjects: 0.037600 ms)

AssetImportParameters requested are different than current active one (requested -> active):
  custom:framework-win-MediaFoundation: 216162199b28c13a410421893ffa2e32 -> 
  custom:video-decoder-ogg-theora: a1e56fd34408186e4bbccfd4996cb3dc -> 
  custom:container-muxer-webm: aa71ff27fc2769a1b78a27578f13a17b -> 
  custom:container-demuxer-webm: 4f35f7cbe854078d1ac9338744f61a02 -> 
  custom:container-demuxer-ogg: 62fdf1f143b41e24485cea50d1cbac27 -> 
  custom:video-encoder-webm-vp8: eb34c28f22e8b96e1ab97ce403110664 -> 
  custom:video-decoder-webm-vp8: 9c59270c3fd7afecdb556c50c9e8de78 -> 
  custom:audio-decoder-ogg-vorbis: bf7c407c2cedff20999df2af8eb42d56 -> 
  custom:audio-encoder-webm-vorbis: bf7c407c2cedff20999df2af8eb42d56 -> 
========================================================================
Received Prepare
Registering precompiled user dll's ...
Registered in 0.003940 seconds.
Begin MonoManager ReloadAssembly
Native extension for WindowsStandalone target not found
Refreshing native plugins compatible for Editor in 0.41 ms, found 2 plugins.
Preloading 0 native plugins for Editor in 0.00 ms.
Mono: successfully reloaded assembly
- Completed reload, in  0.788 seconds
Domain Reload Profiling:
	ReloadAssembly (788ms)
		BeginReloadAssembly (94ms)
			ExecutionOrderSort (0ms)
			DisableScriptedObjects (4ms)
			BackupInstance (0ms)
			ReleaseScriptingObjects (0ms)
			CreateAndSetChildDomain (23ms)
		EndReloadAssembly (642ms)
			LoadAssemblies (71ms)
			RebuildTransferFunctionScriptingTraits (0ms)
			SetupTypeCache (223ms)
			ReleaseScriptCaches (1ms)
			RebuildScriptCaches (32ms)
			SetupLoadedEditorAssemblies (240ms)
				LogAssemblyErrors (0ms)
				InitializePlatformSupportModulesInManaged (4ms)
				SetLoadedEditorAssemblies (0ms)
				RefreshPlugins (0ms)
				BeforeProcessingInitializeOnLoad (59ms)
				ProcessInitializeOnLoadAttributes (163ms)
				ProcessInitializeOnLoadMethodAttributes (7ms)
				AfterProcessingInitializeOnLoad (6ms)
				EditorAssembliesLoaded (0ms)
			ExecutionOrderSort2 (0ms)
			AwakeInstancesAfterBackupRestoration (6ms)
Platform modules already initialized, skipping
Refreshing native plugins compatible for Editor in 0.36 ms, found 2 plugins.
Preloading 0 native plugins for Editor in 0.00 ms.
Unloading 1511 Unused Serialized files (Serialized files now loaded: 0)
System memory in use before: 87.2 MB.
System memory in use after: 87.3 MB.

Unloading 15 unused Assets to reduce memory usage. Loaded Objects now: 1996.
Total: 2.252400 ms (FindLiveObjects: 0.115800 ms CreateObjectMapping: 0.040300 ms MarkObjects: 2.060100 ms  DeleteObjects: 0.035100 ms)

AssetImportParameters requested are different than current active one (requested -> active):
  custom:framework-win-MediaFoundation: 216162199b28c13a410421893ffa2e32 -> 
  custom:video-decoder-ogg-theora: a1e56fd34408186e4bbccfd4996cb3dc -> 
  custom:container-muxer-webm: aa71ff27fc2769a1b78a27578f13a17b -> 
  custom:container-demuxer-webm: 4f35f7cbe854078d1ac9338744f61a02 -> 
  custom:container-demuxer-ogg: 62fdf1f143b41e24485cea50d1cbac27 -> 
  custom:video-encoder-webm-vp8: eb34c28f22e8b96e1ab97ce403110664 -> 
  custom:video-decoder-webm-vp8: 9c59270c3fd7afecdb556c50c9e8de78 -> 
  custom:audio-decoder-ogg-vorbis: bf7c407c2cedff20999df2af8eb42d56 -> 
  custom:audio-encoder-webm-vorbis: bf7c407c2cedff20999df2af8eb42d56 -> 
========================================================================
Received Import Request.
  Time since last request: 93.047447 seconds.
  path: Assets/_Scripts/WorldObjects/Weapon.cs
  artifactKey: Guid(6c57dd2d19840664380bfb164297b69a) Importer(815301076,1909f56bfc062723c751e8b465ee728b)
Start importing Assets/_Scripts/WorldObjects/Weapon.cs using Guid(6c57dd2d19840664380bfb164297b69a) Importer(815301076,1909f56bfc062723c751e8b465ee728b)  -> (artifact id: '328120f43e3ef71725cc73f4e9031eb4') in 0.006693 seconds 
  Import took 0.009231 seconds .

========================================================================
Received Prepare
Registering precompiled user dll's ...
Registered in 0.002680 seconds.
Begin MonoManager ReloadAssembly
Native extension for WindowsStandalone target not found
Refreshing native plugins compatible for Editor in 0.35 ms, found 2 plugins.
Preloading 0 native plugins for Editor in 0.00 ms.
Mono: successfully reloaded assembly
- Completed reload, in  0.801 seconds
Domain Reload Profiling:
	ReloadAssembly (801ms)
		BeginReloadAssembly (101ms)
			ExecutionOrderSort (0ms)
			DisableScriptedObjects (4ms)
			BackupInstance (0ms)
			ReleaseScriptingObjects (0ms)
			CreateAndSetChildDomain (24ms)
		EndReloadAssembly (650ms)
			LoadAssemblies (70ms)
			RebuildTransferFunctionScriptingTraits (0ms)
			SetupTypeCache (234ms)
			ReleaseScriptCaches (1ms)
			RebuildScriptCaches (32ms)
			SetupLoadedEditorAssemblies (240ms)
				LogAssemblyErrors (0ms)
				InitializePlatformSupportModulesInManaged (4ms)
				SetLoadedEditorAssemblies (0ms)
				RefreshPlugins (0ms)
				BeforeProcessingInitializeOnLoad (59ms)
				ProcessInitializeOnLoadAttributes (164ms)
				ProcessInitializeOnLoadMethodAttributes (7ms)
				AfterProcessingInitializeOnLoad (6ms)
				EditorAssembliesLoaded (0ms)
			ExecutionOrderSort2 (0ms)
			AwakeInstancesAfterBackupRestoration (6ms)
Platform modules already initialized, skipping
Refreshing native plugins compatible for Editor in 0.36 ms, found 2 plugins.
Preloading 0 native plugins for Editor in 0.00 ms.
Unloading 1511 Unused Serialized files (Serialized files now loaded: 0)
System memory in use before: 87.2 MB.
System memory in use after: 87.3 MB.

Unloading 15 unused Assets to reduce memory usage. Loaded Objects now: 1998.
Total: 2.634500 ms (FindLiveObjects: 0.110800 ms CreateObjectMapping: 0.035200 ms MarkObjects: 2.451100 ms  DeleteObjects: 0.036600 ms)

AssetImportParameters requested are different than current active one (requested -> active):
  custom:framework-win-MediaFoundation: 216162199b28c13a410421893ffa2e32 -> 
  custom:video-decoder-ogg-theora: a1e56fd34408186e4bbccfd4996cb3dc -> 
  custom:container-muxer-webm: aa71ff27fc2769a1b78a27578f13a17b -> 
  custom:container-demuxer-webm: 4f35f7cbe854078d1ac9338744f61a02 -> 
  custom:container-demuxer-ogg: 62fdf1f143b41e24485cea50d1cbac27 -> 
  custom:video-encoder-webm-vp8: eb34c28f22e8b96e1ab97ce403110664 -> 
  custom:video-decoder-webm-vp8: 9c59270c3fd7afecdb556c50c9e8de78 -> 
  custom:audio-decoder-ogg-vorbis: bf7c407c2cedff20999df2af8eb42d56 -> 
  custom:audio-encoder-webm-vorbis: bf7c407c2cedff20999df2af8eb42d56 -> 
========================================================================
Received Prepare
Registering precompiled user dll's ...
Registered in 0.002615 seconds.
Begin MonoManager ReloadAssembly
Native extension for WindowsStandalone target not found
Refreshing native plugins compatible for Editor in 0.37 ms, found 2 plugins.
Preloading 0 native plugins for Editor in 0.00 ms.
Mono: successfully reloaded assembly
- Completed reload, in  0.814 seconds
Domain Reload Profiling:
	ReloadAssembly (814ms)
		BeginReloadAssembly (99ms)
			ExecutionOrderSort (0ms)
			DisableScriptedObjects (4ms)
			BackupInstance (0ms)
			ReleaseScriptingObjects (0ms)
			CreateAndSetChildDomain (31ms)
		EndReloadAssembly (663ms)
			LoadAssemblies (72ms)
			RebuildTransferFunctionScriptingTraits (0ms)
			SetupTypeCache (247ms)
			ReleaseScriptCaches (1ms)
			RebuildScriptCaches (32ms)
			SetupLoadedEditorAssemblies (237ms)
				LogAssemblyErrors (0ms)
				InitializePlatformSupportModulesInManaged (4ms)
				SetLoadedEditorAssemblies (0ms)
				RefreshPlugins (0ms)
				BeforeProcessingInitializeOnLoad (58ms)
				ProcessInitializeOnLoadAttributes (162ms)
				ProcessInitializeOnLoadMethodAttributes (7ms)
				AfterProcessingInitializeOnLoad (6ms)
				EditorAssembliesLoaded (0ms)
			ExecutionOrderSort2 (0ms)
			AwakeInstancesAfterBackupRestoration (7ms)
Platform modules already initialized, skipping
Refreshing native plugins compatible for Editor in 0.36 ms, found 2 plugins.
Preloading 0 native plugins for Editor in 0.00 ms.
Unloading 1511 Unused Serialized files (Serialized files now loaded: 0)
System memory in use before: 87.2 MB.
System memory in use after: 87.3 MB.

Unloading 15 unused Assets to reduce memory usage. Loaded Objects now: 2000.
Total: 2.877200 ms (FindLiveObjects: 0.129600 ms CreateObjectMapping: 0.040500 ms MarkObjects: 2.666400 ms  DeleteObjects: 0.039800 ms)

AssetImportParameters requested are different than current active one (requested -> active):
  custom:framework-win-MediaFoundation: 216162199b28c13a410421893ffa2e32 -> 
  custom:video-decoder-ogg-theora: a1e56fd34408186e4bbccfd4996cb3dc -> 
  custom:container-muxer-webm: aa71ff27fc2769a1b78a27578f13a17b -> 
  custom:container-demuxer-webm: 4f35f7cbe854078d1ac9338744f61a02 -> 
  custom:container-demuxer-ogg: 62fdf1f143b41e24485cea50d1cbac27 -> 
  custom:video-encoder-webm-vp8: eb34c28f22e8b96e1ab97ce403110664 -> 
  custom:video-decoder-webm-vp8: 9c59270c3fd7afecdb556c50c9e8de78 -> 
  custom:audio-decoder-ogg-vorbis: bf7c407c2cedff20999df2af8eb42d56 -> 
  custom:audio-encoder-webm-vorbis: bf7c407c2cedff20999df2af8eb42d56 -> 
========================================================================
Received Import Request.
  Time since last request: 15.754124 seconds.
  path: Assets/_Scripts/WorldObjects/Weapon.cs
  artifactKey: Guid(6c57dd2d19840664380bfb164297b69a) Importer(815301076,1909f56bfc062723c751e8b465ee728b)
Start importing Assets/_Scripts/WorldObjects/Weapon.cs using Guid(6c57dd2d19840664380bfb164297b69a) Importer(815301076,1909f56bfc062723c751e8b465ee728b)  -> (artifact id: 'd8970d12fe66297ed4e9f57d8cc2a261') in 0.003548 seconds 
  Import took 0.005693 seconds .

